[0.115s] DEBUG:colcon:Command line arguments: ['/usr/bin/colcon', 'build', '--packages-select', 'lidar_odometry']
[0.115s] DEBUG:colcon:Parsed command line arguments: Namespace(log_base=None, log_level=None, verb_name='build', build_base='build', install_base='install', merge_install=False, symlink_install=False, test_result_base=None, continue_on_error=False, executor='parallel', parallel_workers=2, event_handlers=None, ignore_user_meta=False, metas=['./colcon.meta'], base_paths=['.'], packages_ignore=None, packages_ignore_regex=None, paths=None, packages_up_to=None, packages_up_to_regex=None, packages_above=None, packages_above_and_dependencies=None, packages_above_depth=None, packages_select_by_dep=None, packages_skip_by_dep=None, packages_skip_up_to=None, packages_select_build_failed=False, packages_skip_build_finished=False, packages_select_test_failures=False, packages_skip_test_passed=False, packages_select=['lidar_odometry'], packages_skip=None, packages_select_regex=None, packages_skip_regex=None, packages_start=None, packages_end=None, allow_overriding=[], cmake_args=None, cmake_target=None, cmake_target_skip_unavailable=False, cmake_clean_cache=False, cmake_clean_first=False, cmake_force_configure=False, ament_cmake_args=None, catkin_cmake_args=None, catkin_skip_building_tests=False, verb_parser=<colcon_defaults.argument_parser.defaults.DefaultArgumentsDecorator object at 0xffffada1fd00>, verb_extension=<colcon_core.verb.build.BuildVerb object at 0xffffada1f7f0>, main=<bound method BuildVerb.main of <colcon_core.verb.build.BuildVerb object at 0xffffada1f7f0>>)
[0.289s] Level 1:colcon.colcon_core.package_discovery:discover_packages(colcon_meta) check parameters
[0.289s] Level 1:colcon.colcon_core.package_discovery:discover_packages(recursive) check parameters
[0.289s] Level 1:colcon.colcon_core.package_discovery:discover_packages(ignore) check parameters
[0.289s] Level 1:colcon.colcon_core.package_discovery:discover_packages(path) check parameters
[0.289s] Level 1:colcon.colcon_core.package_discovery:discover_packages(colcon_meta) discover
[0.289s] Level 1:colcon.colcon_core.package_discovery:discover_packages(recursive) discover
[0.289s] INFO:colcon.colcon_core.package_discovery:Crawling recursively for packages in '/home/por/ros2_ws'
[0.289s] Level 1:colcon.colcon_core.package_identification:_identify(.) by extensions ['ignore', 'ignore_ament_install']
[0.289s] Level 1:colcon.colcon_core.package_identification:_identify(.) by extension 'ignore'
[0.289s] Level 1:colcon.colcon_core.package_identification:_identify(.) by extension 'ignore_ament_install'
[0.289s] Level 1:colcon.colcon_core.package_identification:_identify(.) by extensions ['colcon_pkg']
[0.289s] Level 1:colcon.colcon_core.package_identification:_identify(.) by extension 'colcon_pkg'
[0.289s] Level 1:colcon.colcon_core.package_identification:_identify(.) by extensions ['colcon_meta']
[0.289s] Level 1:colcon.colcon_core.package_identification:_identify(.) by extension 'colcon_meta'
[0.289s] Level 1:colcon.colcon_core.package_identification:_identify(.) by extensions ['ros']
[0.289s] Level 1:colcon.colcon_core.package_identification:_identify(.) by extension 'ros'
[0.304s] Level 1:colcon.colcon_core.package_identification:_identify(.) by extensions ['cmake', 'python']
[0.304s] Level 1:colcon.colcon_core.package_identification:_identify(.) by extension 'cmake'
[0.305s] Level 1:colcon.colcon_core.package_identification:_identify(.) by extension 'python'
[0.305s] Level 1:colcon.colcon_core.package_identification:_identify(.) by extensions ['python_setup_py']
[0.305s] Level 1:colcon.colcon_core.package_identification:_identify(.) by extension 'python_setup_py'
[0.305s] Level 1:colcon.colcon_core.package_identification:_identify(build) by extensions ['ignore', 'ignore_ament_install']
[0.305s] Level 1:colcon.colcon_core.package_identification:_identify(build) by extension 'ignore'
[0.305s] Level 1:colcon.colcon_core.package_identification:_identify(build) ignored
[0.305s] Level 1:colcon.colcon_core.package_identification:_identify(install) by extensions ['ignore', 'ignore_ament_install']
[0.305s] Level 1:colcon.colcon_core.package_identification:_identify(install) by extension 'ignore'
[0.305s] Level 1:colcon.colcon_core.package_identification:_identify(install) ignored
[0.305s] Level 1:colcon.colcon_core.package_identification:_identify(log) by extensions ['ignore', 'ignore_ament_install']
[0.305s] Level 1:colcon.colcon_core.package_identification:_identify(log) by extension 'ignore'
[0.305s] Level 1:colcon.colcon_core.package_identification:_identify(log) ignored
[0.306s] Level 1:colcon.colcon_core.package_identification:_identify(src) by extensions ['ignore', 'ignore_ament_install']
[0.306s] Level 1:colcon.colcon_core.package_identification:_identify(src) by extension 'ignore'
[0.306s] Level 1:colcon.colcon_core.package_identification:_identify(src) by extension 'ignore_ament_install'
[0.306s] Level 1:colcon.colcon_core.package_identification:_identify(src) by extensions ['colcon_pkg']
[0.306s] Level 1:colcon.colcon_core.package_identification:_identify(src) by extension 'colcon_pkg'
[0.306s] Level 1:colcon.colcon_core.package_identification:_identify(src) by extensions ['colcon_meta']
[0.306s] Level 1:colcon.colcon_core.package_identification:_identify(src) by extension 'colcon_meta'
[0.306s] Level 1:colcon.colcon_core.package_identification:_identify(src) by extensions ['ros']
[0.306s] Level 1:colcon.colcon_core.package_identification:_identify(src) by extension 'ros'
[0.306s] Level 1:colcon.colcon_core.package_identification:_identify(src) by extensions ['cmake', 'python']
[0.306s] Level 1:colcon.colcon_core.package_identification:_identify(src) by extension 'cmake'
[0.306s] Level 1:colcon.colcon_core.package_identification:_identify(src) by extension 'python'
[0.306s] Level 1:colcon.colcon_core.package_identification:_identify(src) by extensions ['python_setup_py']
[0.306s] Level 1:colcon.colcon_core.package_identification:_identify(src) by extension 'python_setup_py'
[0.306s] Level 1:colcon.colcon_core.package_identification:_identify(src/Simple-2D-LiDAR-Odometry) by extensions ['ignore', 'ignore_ament_install']
[0.306s] Level 1:colcon.colcon_core.package_identification:_identify(src/Simple-2D-LiDAR-Odometry) by extension 'ignore'
[0.306s] Level 1:colcon.colcon_core.package_identification:_identify(src/Simple-2D-LiDAR-Odometry) by extension 'ignore_ament_install'
[0.306s] Level 1:colcon.colcon_core.package_identification:_identify(src/Simple-2D-LiDAR-Odometry) by extensions ['colcon_pkg']
[0.306s] Level 1:colcon.colcon_core.package_identification:_identify(src/Simple-2D-LiDAR-Odometry) by extension 'colcon_pkg'
[0.306s] Level 1:colcon.colcon_core.package_identification:_identify(src/Simple-2D-LiDAR-Odometry) by extensions ['colcon_meta']
[0.306s] Level 1:colcon.colcon_core.package_identification:_identify(src/Simple-2D-LiDAR-Odometry) by extension 'colcon_meta'
[0.306s] Level 1:colcon.colcon_core.package_identification:_identify(src/Simple-2D-LiDAR-Odometry) by extensions ['ros']
[0.306s] Level 1:colcon.colcon_core.package_identification:_identify(src/Simple-2D-LiDAR-Odometry) by extension 'ros'
[0.309s] DEBUG:colcon.colcon_core.package_identification:Package 'src/Simple-2D-LiDAR-Odometry' with type 'ros.ament_cmake' and name 'lidar_odometry'
[0.310s] Level 1:colcon.colcon_core.package_identification:_identify(src/lidar_robot_simulation) by extensions ['ignore', 'ignore_ament_install']
[0.310s] Level 1:colcon.colcon_core.package_identification:_identify(src/lidar_robot_simulation) by extension 'ignore'
[0.310s] Level 1:colcon.colcon_core.package_identification:_identify(src/lidar_robot_simulation) by extension 'ignore_ament_install'
[0.310s] Level 1:colcon.colcon_core.package_identification:_identify(src/lidar_robot_simulation) by extensions ['colcon_pkg']
[0.310s] Level 1:colcon.colcon_core.package_identification:_identify(src/lidar_robot_simulation) by extension 'colcon_pkg'
[0.310s] Level 1:colcon.colcon_core.package_identification:_identify(src/lidar_robot_simulation) by extensions ['colcon_meta']
[0.310s] Level 1:colcon.colcon_core.package_identification:_identify(src/lidar_robot_simulation) by extension 'colcon_meta'
[0.310s] Level 1:colcon.colcon_core.package_identification:_identify(src/lidar_robot_simulation) by extensions ['ros']
[0.310s] Level 1:colcon.colcon_core.package_identification:_identify(src/lidar_robot_simulation) by extension 'ros'
[0.310s] DEBUG:colcon.colcon_core.package_identification:Package 'src/lidar_robot_simulation' with type 'ros.ament_cmake' and name 'lidar_robot_simulation'
[0.311s] Level 1:colcon.colcon_core.package_discovery:discover_packages(recursive) using defaults
[0.311s] Level 1:colcon.colcon_core.package_discovery:discover_packages(ignore) discover
[0.311s] Level 1:colcon.colcon_core.package_discovery:discover_packages(ignore) using defaults
[0.311s] Level 1:colcon.colcon_core.package_discovery:discover_packages(path) discover
[0.311s] Level 1:colcon.colcon_core.package_discovery:discover_packages(path) using defaults
[0.341s] INFO:colcon.colcon_core.package_selection:Skipping not selected package 'lidar_robot_simulation' in 'src/lidar_robot_simulation'
[0.341s] Level 1:colcon.colcon_core.package_discovery:discover_packages(prefix_path) check parameters
[0.341s] Level 1:colcon.colcon_core.package_discovery:discover_packages(prefix_path) discover
[0.343s] DEBUG:colcon.colcon_installed_package_information.package_discovery:Found 282 installed packages in /opt/ros/humble
[0.345s] Level 1:colcon.colcon_core.package_discovery:discover_packages(prefix_path) using defaults
[0.377s] Level 5:colcon.colcon_core.verb:set package 'lidar_odometry' build argument 'cmake_args' from command line to 'None'
[0.377s] Level 5:colcon.colcon_core.verb:set package 'lidar_odometry' build argument 'cmake_target' from command line to 'None'
[0.377s] Level 5:colcon.colcon_core.verb:set package 'lidar_odometry' build argument 'cmake_target_skip_unavailable' from command line to 'False'
[0.377s] Level 5:colcon.colcon_core.verb:set package 'lidar_odometry' build argument 'cmake_clean_cache' from command line to 'False'
[0.377s] Level 5:colcon.colcon_core.verb:set package 'lidar_odometry' build argument 'cmake_clean_first' from command line to 'False'
[0.377s] Level 5:colcon.colcon_core.verb:set package 'lidar_odometry' build argument 'cmake_force_configure' from command line to 'False'
[0.377s] Level 5:colcon.colcon_core.verb:set package 'lidar_odometry' build argument 'ament_cmake_args' from command line to 'None'
[0.377s] Level 5:colcon.colcon_core.verb:set package 'lidar_odometry' build argument 'catkin_cmake_args' from command line to 'None'
[0.377s] Level 5:colcon.colcon_core.verb:set package 'lidar_odometry' build argument 'catkin_skip_building_tests' from command line to 'False'
[0.377s] DEBUG:colcon.colcon_core.verb:Building package 'lidar_odometry' with the following arguments: {'ament_cmake_args': None, 'build_base': '/home/por/ros2_ws/build/lidar_odometry', 'catkin_cmake_args': None, 'catkin_skip_building_tests': False, 'cmake_args': None, 'cmake_clean_cache': False, 'cmake_clean_first': False, 'cmake_force_configure': False, 'cmake_target': None, 'cmake_target_skip_unavailable': False, 'install_base': '/home/por/ros2_ws/install/lidar_odometry', 'merge_install': False, 'path': '/home/por/ros2_ws/src/Simple-2D-LiDAR-Odometry', 'symlink_install': False, 'test_result_base': None}
[0.377s] INFO:colcon.colcon_core.executor:Executing jobs using 'parallel' executor
[0.378s] DEBUG:colcon.colcon_parallel_executor.executor.parallel:run_until_complete
[0.378s] INFO:colcon.colcon_ros.task.ament_cmake.build:Building ROS package in '/home/por/ros2_ws/src/Simple-2D-LiDAR-Odometry' with build type 'ament_cmake'
[0.378s] INFO:colcon.colcon_cmake.task.cmake.build:Building CMake package in '/home/por/ros2_ws/src/Simple-2D-LiDAR-Odometry'
[0.381s] INFO:colcon.colcon_core.plugin_system:Skipping extension 'colcon_core.shell.bat': Not used on non-Windows systems
[0.381s] INFO:colcon.colcon_core.shell:Skip shell extension 'powershell' for command environment: Not usable outside of PowerShell
[0.381s] DEBUG:colcon.colcon_core.shell:Skip shell extension 'dsv' for command environment
[0.388s] DEBUG:colcon.colcon_core.event_handler.log_command:Invoking command in '/home/por/ros2_ws/build/lidar_odometry': CMAKE_PREFIX_PATH=/opt/ros/humble /usr/bin/cmake --build /home/por/ros2_ws/build/lidar_odometry -- -j2 -l2
[57.430s] DEBUG:colcon.colcon_core.event_handler.log_command:Invoked command in '/home/por/ros2_ws/build/lidar_odometry' returned '0': CMAKE_PREFIX_PATH=/opt/ros/humble /usr/bin/cmake --build /home/por/ros2_ws/build/lidar_odometry -- -j2 -l2
[57.489s] DEBUG:colcon.colcon_core.event_handler.log_command:Invoking command in '/home/por/ros2_ws/build/lidar_odometry': CMAKE_PREFIX_PATH=/opt/ros/humble /usr/bin/cmake --install /home/por/ros2_ws/build/lidar_odometry
[57.522s] Level 1:colcon.colcon_core.environment:create_environment_scripts_only(lidar_odometry)
[57.527s] DEBUG:colcon.colcon_core.event_handler.log_command:Invoked command in '/home/por/ros2_ws/build/lidar_odometry' returned '0': CMAKE_PREFIX_PATH=/opt/ros/humble /usr/bin/cmake --install /home/por/ros2_ws/build/lidar_odometry
[57.552s] Level 1:colcon.colcon_core.environment:checking '/home/por/ros2_ws/install/lidar_odometry' for CMake module files
[57.554s] Level 1:colcon.colcon_core.environment:checking '/home/por/ros2_ws/install/lidar_odometry' for CMake config files
[57.555s] Level 1:colcon.colcon_core.shell:create_environment_hook('lidar_odometry', 'cmake_prefix_path')
[57.557s] INFO:colcon.colcon_core.shell:Creating environment hook '/home/por/ros2_ws/install/lidar_odometry/share/lidar_odometry/hook/cmake_prefix_path.ps1'
[57.565s] INFO:colcon.colcon_core.shell:Creating environment descriptor '/home/por/ros2_ws/install/lidar_odometry/share/lidar_odometry/hook/cmake_prefix_path.dsv'
[57.566s] INFO:colcon.colcon_core.shell:Creating environment hook '/home/por/ros2_ws/install/lidar_odometry/share/lidar_odometry/hook/cmake_prefix_path.sh'
[57.569s] Level 1:colcon.colcon_core.environment:checking '/home/por/ros2_ws/install/lidar_odometry/lib'
[57.569s] Level 1:colcon.colcon_core.environment:checking '/home/por/ros2_ws/install/lidar_odometry/bin'
[57.569s] Level 1:colcon.colcon_core.environment:checking '/home/por/ros2_ws/install/lidar_odometry/lib/pkgconfig/lidar_odometry.pc'
[57.573s] Level 1:colcon.colcon_core.environment:checking '/home/por/ros2_ws/install/lidar_odometry/lib/python3.10/site-packages'
[57.573s] Level 1:colcon.colcon_core.environment:checking '/home/por/ros2_ws/install/lidar_odometry/bin'
[57.574s] INFO:colcon.colcon_core.shell:Creating package script '/home/por/ros2_ws/install/lidar_odometry/share/lidar_odometry/package.ps1'
[57.576s] INFO:colcon.colcon_core.shell:Creating package descriptor '/home/por/ros2_ws/install/lidar_odometry/share/lidar_odometry/package.dsv'
[57.577s] INFO:colcon.colcon_core.shell:Creating package script '/home/por/ros2_ws/install/lidar_odometry/share/lidar_odometry/package.sh'
[57.579s] INFO:colcon.colcon_core.shell:Creating package script '/home/por/ros2_ws/install/lidar_odometry/share/lidar_odometry/package.bash'
[57.581s] INFO:colcon.colcon_core.shell:Creating package script '/home/por/ros2_ws/install/lidar_odometry/share/lidar_odometry/package.zsh'
[57.584s] Level 1:colcon.colcon_core.environment:create_file_with_runtime_dependencies(/home/por/ros2_ws/install/lidar_odometry/share/colcon-core/packages/lidar_odometry)
[57.589s] Level 1:colcon.colcon_core.environment:create_environment_scripts_only(lidar_odometry)
[57.589s] Level 1:colcon.colcon_core.environment:checking '/home/por/ros2_ws/install/lidar_odometry' for CMake module files
[57.589s] Level 1:colcon.colcon_core.environment:checking '/home/por/ros2_ws/install/lidar_odometry' for CMake config files
[57.589s] Level 1:colcon.colcon_core.shell:create_environment_hook('lidar_odometry', 'cmake_prefix_path')
[57.589s] INFO:colcon.colcon_core.shell:Creating environment hook '/home/por/ros2_ws/install/lidar_odometry/share/lidar_odometry/hook/cmake_prefix_path.ps1'
[57.590s] INFO:colcon.colcon_core.shell:Creating environment descriptor '/home/por/ros2_ws/install/lidar_odometry/share/lidar_odometry/hook/cmake_prefix_path.dsv'
[57.590s] INFO:colcon.colcon_core.shell:Creating environment hook '/home/por/ros2_ws/install/lidar_odometry/share/lidar_odometry/hook/cmake_prefix_path.sh'
[57.590s] Level 1:colcon.colcon_core.environment:checking '/home/por/ros2_ws/install/lidar_odometry/lib'
[57.590s] Level 1:colcon.colcon_core.environment:checking '/home/por/ros2_ws/install/lidar_odometry/bin'
[57.590s] Level 1:colcon.colcon_core.environment:checking '/home/por/ros2_ws/install/lidar_odometry/lib/pkgconfig/lidar_odometry.pc'
[57.590s] Level 1:colcon.colcon_core.environment:checking '/home/por/ros2_ws/install/lidar_odometry/lib/python3.10/site-packages'
[57.590s] Level 1:colcon.colcon_core.environment:checking '/home/por/ros2_ws/install/lidar_odometry/bin'
[57.591s] INFO:colcon.colcon_core.shell:Creating package script '/home/por/ros2_ws/install/lidar_odometry/share/lidar_odometry/package.ps1'
[57.591s] INFO:colcon.colcon_core.shell:Creating package descriptor '/home/por/ros2_ws/install/lidar_odometry/share/lidar_odometry/package.dsv'
[57.591s] INFO:colcon.colcon_core.shell:Creating package script '/home/por/ros2_ws/install/lidar_odometry/share/lidar_odometry/package.sh'
[57.592s] INFO:colcon.colcon_core.shell:Creating package script '/home/por/ros2_ws/install/lidar_odometry/share/lidar_odometry/package.bash'
[57.592s] INFO:colcon.colcon_core.shell:Creating package script '/home/por/ros2_ws/install/lidar_odometry/share/lidar_odometry/package.zsh'
[57.592s] Level 1:colcon.colcon_core.environment:create_file_with_runtime_dependencies(/home/por/ros2_ws/install/lidar_odometry/share/colcon-core/packages/lidar_odometry)
[57.593s] DEBUG:colcon.colcon_parallel_executor.executor.parallel:closing loop
[57.594s] DEBUG:colcon.colcon_parallel_executor.executor.parallel:loop closed
[57.594s] DEBUG:colcon.colcon_parallel_executor.executor.parallel:run_until_complete finished with '0'
[57.597s] DEBUG:colcon.colcon_core.event_reactor:joining thread
[57.648s] INFO:colcon.colcon_core.plugin_system:Skipping extension 'colcon_notification.desktop_notification.terminal_notifier': Not used on non-Darwin systems
[57.648s] INFO:colcon.colcon_core.plugin_system:Skipping extension 'colcon_notification.desktop_notification.win32': Not used on non-Windows systems
[57.648s] INFO:colcon.colcon_notification.desktop_notification:Sending desktop notification using 'notify2'
[57.753s] DEBUG:colcon.colcon_core.event_reactor:joined thread
[57.755s] INFO:colcon.colcon_core.shell:Creating prefix script '/home/por/ros2_ws/install/local_setup.ps1'
[57.761s] INFO:colcon.colcon_core.shell:Creating prefix util module '/home/por/ros2_ws/install/_local_setup_util_ps1.py'
[57.763s] INFO:colcon.colcon_core.shell:Creating prefix chain script '/home/por/ros2_ws/install/setup.ps1'
[57.765s] INFO:colcon.colcon_core.shell:Creating prefix script '/home/por/ros2_ws/install/local_setup.sh'
[57.766s] INFO:colcon.colcon_core.shell:Creating prefix util module '/home/por/ros2_ws/install/_local_setup_util_sh.py'
[57.767s] INFO:colcon.colcon_core.shell:Creating prefix chain script '/home/por/ros2_ws/install/setup.sh'
[57.774s] INFO:colcon.colcon_core.shell:Creating prefix script '/home/por/ros2_ws/install/local_setup.bash'
[57.776s] INFO:colcon.colcon_core.shell:Creating prefix chain script '/home/por/ros2_ws/install/setup.bash'
[57.777s] INFO:colcon.colcon_core.shell:Creating prefix script '/home/por/ros2_ws/install/local_setup.zsh'
[57.778s] INFO:colcon.colcon_core.shell:Creating prefix chain script '/home/por/ros2_ws/install/setup.zsh'
