[0.066s] Invoking command in '/home/por/ros2_ws/build/lidar_odometry': CMAKE_PREFIX_PATH=${CMAKE_PREFIX_PATH}:/opt/ros/humble /usr/bin/cmake --build /home/por/ros2_ws/build/lidar_odometry -- -j2 -l2
[0.270s] [35m[1mConsolidate compiler generated dependencies of target lidar_odometry_node[0m
[0.367s] [ 20%] [32mBuilding CXX object CMakeFiles/lidar_odometry_node.dir/src/lidar_odometry_node.cpp.o[0m
[41.287s] [ 40%] [32mBuilding CXX object CMakeFiles/lidar_odometry_node.dir/src/lidar_odometry.cpp.o[0m
[91.151s] [ 60%] [32m[1mLinking CXX executable lidar_odometry_node[0m
[96.551s] [ 60%] Built target lidar_odometry_node
[96.616s] [100%] Built target qr_test_publisher
[96.642s] Invoked command in '/home/por/ros2_ws/build/lidar_odometry' returned '0': CMAKE_PREFIX_PATH=${CMAKE_PREFIX_PATH}:/opt/ros/humble /usr/bin/cmake --build /home/por/ros2_ws/build/lidar_odometry -- -j2 -l2
[96.647s] Invoking command in '/home/por/ros2_ws/build/lidar_odometry': CMAKE_PREFIX_PATH=${CMAKE_PREFIX_PATH}:/opt/ros/humble /usr/bin/cmake --install /home/por/ros2_ws/build/lidar_odometry
[96.653s] -- Install configuration: ""
[96.653s] -- Installing: /home/por/ros2_ws/install/lidar_odometry/lib/lidar_odometry/lidar_odometry_node
[96.717s] -- Set runtime path of "/home/por/ros2_ws/install/lidar_odometry/lib/lidar_odometry/lidar_odometry_node" to ""
[96.718s] -- Up-to-date: /home/por/ros2_ws/install/lidar_odometry/lib/lidar_odometry/qr_test_publisher
[96.718s] -- Up-to-date: /home/por/ros2_ws/install/lidar_odometry/share/ament_index/resource_index/package_run_dependencies/lidar_odometry
[96.718s] -- Up-to-date: /home/por/ros2_ws/install/lidar_odometry/share/ament_index/resource_index/parent_prefix_path/lidar_odometry
[96.719s] -- Up-to-date: /home/por/ros2_ws/install/lidar_odometry/share/lidar_odometry/environment/ament_prefix_path.sh
[96.719s] -- Up-to-date: /home/por/ros2_ws/install/lidar_odometry/share/lidar_odometry/environment/ament_prefix_path.dsv
[96.719s] -- Up-to-date: /home/por/ros2_ws/install/lidar_odometry/share/lidar_odometry/environment/path.sh
[96.719s] -- Up-to-date: /home/por/ros2_ws/install/lidar_odometry/share/lidar_odometry/environment/path.dsv
[96.719s] -- Up-to-date: /home/por/ros2_ws/install/lidar_odometry/share/lidar_odometry/local_setup.bash
[96.719s] -- Up-to-date: /home/por/ros2_ws/install/lidar_odometry/share/lidar_odometry/local_setup.sh
[96.719s] -- Up-to-date: /home/por/ros2_ws/install/lidar_odometry/share/lidar_odometry/local_setup.zsh
[96.719s] -- Up-to-date: /home/por/ros2_ws/install/lidar_odometry/share/lidar_odometry/local_setup.dsv
[96.720s] -- Installing: /home/por/ros2_ws/install/lidar_odometry/share/lidar_odometry/package.dsv
[96.720s] -- Up-to-date: /home/por/ros2_ws/install/lidar_odometry/share/ament_index/resource_index/packages/lidar_odometry
[96.720s] -- Up-to-date: /home/por/ros2_ws/install/lidar_odometry/share/lidar_odometry/cmake/lidar_odometryConfig.cmake
[96.720s] -- Up-to-date: /home/por/ros2_ws/install/lidar_odometry/share/lidar_odometry/cmake/lidar_odometryConfig-version.cmake
[96.720s] -- Up-to-date: /home/por/ros2_ws/install/lidar_odometry/share/lidar_odometry/package.xml
[96.725s] Invoked command in '/home/por/ros2_ws/build/lidar_odometry' returned '0': CMAKE_PREFIX_PATH=${CMAKE_PREFIX_PATH}:/opt/ros/humble /usr/bin/cmake --install /home/por/ros2_ws/build/lidar_odometry
