[0.110s] DEBUG:colcon:Command line arguments: ['/usr/bin/colcon', 'build']
[0.110s] DEBUG:colcon:Parsed command line arguments: Namespace(log_base=None, log_level=None, verb_name='build', build_base='build', install_base='install', merge_install=False, symlink_install=False, test_result_base=None, continue_on_error=False, executor='parallel', parallel_workers=2, event_handlers=None, ignore_user_meta=False, metas=['./colcon.meta'], base_paths=['.'], packages_ignore=None, packages_ignore_regex=None, paths=None, packages_up_to=None, packages_up_to_regex=None, packages_above=None, packages_above_and_dependencies=None, packages_above_depth=None, packages_select_by_dep=None, packages_skip_by_dep=None, packages_skip_up_to=None, packages_select_build_failed=False, packages_skip_build_finished=False, packages_select_test_failures=False, packages_skip_test_passed=False, packages_select=None, packages_skip=None, packages_select_regex=None, packages_skip_regex=None, packages_start=None, packages_end=None, allow_overriding=[], cmake_args=None, cmake_target=None, cmake_target_skip_unavailable=False, cmake_clean_cache=False, cmake_clean_first=False, cmake_force_configure=False, ament_cmake_args=None, catkin_cmake_args=None, catkin_skip_building_tests=False, verb_parser=<colcon_defaults.argument_parser.defaults.DefaultArgumentsDecorator object at 0xffff8145fa90>, verb_extension=<colcon_core.verb.build.BuildVerb object at 0xffff8145f580>, main=<bound method BuildVerb.main of <colcon_core.verb.build.BuildVerb object at 0xffff8145f580>>)
[0.267s] Level 1:colcon.colcon_core.package_discovery:discover_packages(colcon_meta) check parameters
[0.267s] Level 1:colcon.colcon_core.package_discovery:discover_packages(recursive) check parameters
[0.267s] Level 1:colcon.colcon_core.package_discovery:discover_packages(ignore) check parameters
[0.267s] Level 1:colcon.colcon_core.package_discovery:discover_packages(path) check parameters
[0.267s] Level 1:colcon.colcon_core.package_discovery:discover_packages(colcon_meta) discover
[0.267s] Level 1:colcon.colcon_core.package_discovery:discover_packages(recursive) discover
[0.267s] INFO:colcon.colcon_core.package_discovery:Crawling recursively for packages in '/home/por/ros2_ws'
[0.267s] Level 1:colcon.colcon_core.package_identification:_identify(.) by extensions ['ignore', 'ignore_ament_install']
[0.267s] Level 1:colcon.colcon_core.package_identification:_identify(.) by extension 'ignore'
[0.267s] Level 1:colcon.colcon_core.package_identification:_identify(.) by extension 'ignore_ament_install'
[0.267s] Level 1:colcon.colcon_core.package_identification:_identify(.) by extensions ['colcon_pkg']
[0.267s] Level 1:colcon.colcon_core.package_identification:_identify(.) by extension 'colcon_pkg'
[0.267s] Level 1:colcon.colcon_core.package_identification:_identify(.) by extensions ['colcon_meta']
[0.267s] Level 1:colcon.colcon_core.package_identification:_identify(.) by extension 'colcon_meta'
[0.267s] Level 1:colcon.colcon_core.package_identification:_identify(.) by extensions ['ros']
[0.267s] Level 1:colcon.colcon_core.package_identification:_identify(.) by extension 'ros'
[0.279s] Level 1:colcon.colcon_core.package_identification:_identify(.) by extensions ['cmake', 'python']
[0.279s] Level 1:colcon.colcon_core.package_identification:_identify(.) by extension 'cmake'
[0.279s] Level 1:colcon.colcon_core.package_identification:_identify(.) by extension 'python'
[0.279s] Level 1:colcon.colcon_core.package_identification:_identify(.) by extensions ['python_setup_py']
[0.279s] Level 1:colcon.colcon_core.package_identification:_identify(.) by extension 'python_setup_py'
[0.279s] Level 1:colcon.colcon_core.package_identification:_identify(build) by extensions ['ignore', 'ignore_ament_install']
[0.279s] Level 1:colcon.colcon_core.package_identification:_identify(build) by extension 'ignore'
[0.279s] Level 1:colcon.colcon_core.package_identification:_identify(build) ignored
[0.279s] Level 1:colcon.colcon_core.package_identification:_identify(install) by extensions ['ignore', 'ignore_ament_install']
[0.280s] Level 1:colcon.colcon_core.package_identification:_identify(install) by extension 'ignore'
[0.280s] Level 1:colcon.colcon_core.package_identification:_identify(install) ignored
[0.280s] Level 1:colcon.colcon_core.package_identification:_identify(log) by extensions ['ignore', 'ignore_ament_install']
[0.280s] Level 1:colcon.colcon_core.package_identification:_identify(log) by extension 'ignore'
[0.280s] Level 1:colcon.colcon_core.package_identification:_identify(log) ignored
[0.280s] Level 1:colcon.colcon_core.package_identification:_identify(src) by extensions ['ignore', 'ignore_ament_install']
[0.280s] Level 1:colcon.colcon_core.package_identification:_identify(src) by extension 'ignore'
[0.280s] Level 1:colcon.colcon_core.package_identification:_identify(src) by extension 'ignore_ament_install'
[0.280s] Level 1:colcon.colcon_core.package_identification:_identify(src) by extensions ['colcon_pkg']
[0.280s] Level 1:colcon.colcon_core.package_identification:_identify(src) by extension 'colcon_pkg'
[0.280s] Level 1:colcon.colcon_core.package_identification:_identify(src) by extensions ['colcon_meta']
[0.280s] Level 1:colcon.colcon_core.package_identification:_identify(src) by extension 'colcon_meta'
[0.280s] Level 1:colcon.colcon_core.package_identification:_identify(src) by extensions ['ros']
[0.280s] Level 1:colcon.colcon_core.package_identification:_identify(src) by extension 'ros'
[0.280s] Level 1:colcon.colcon_core.package_identification:_identify(src) by extensions ['cmake', 'python']
[0.280s] Level 1:colcon.colcon_core.package_identification:_identify(src) by extension 'cmake'
[0.280s] Level 1:colcon.colcon_core.package_identification:_identify(src) by extension 'python'
[0.280s] Level 1:colcon.colcon_core.package_identification:_identify(src) by extensions ['python_setup_py']
[0.280s] Level 1:colcon.colcon_core.package_identification:_identify(src) by extension 'python_setup_py'
[0.280s] Level 1:colcon.colcon_core.package_identification:_identify(src/Simple-2D-LiDAR-Odometry) by extensions ['ignore', 'ignore_ament_install']
[0.280s] Level 1:colcon.colcon_core.package_identification:_identify(src/Simple-2D-LiDAR-Odometry) by extension 'ignore'
[0.280s] Level 1:colcon.colcon_core.package_identification:_identify(src/Simple-2D-LiDAR-Odometry) by extension 'ignore_ament_install'
[0.280s] Level 1:colcon.colcon_core.package_identification:_identify(src/Simple-2D-LiDAR-Odometry) by extensions ['colcon_pkg']
[0.280s] Level 1:colcon.colcon_core.package_identification:_identify(src/Simple-2D-LiDAR-Odometry) by extension 'colcon_pkg'
[0.280s] Level 1:colcon.colcon_core.package_identification:_identify(src/Simple-2D-LiDAR-Odometry) by extensions ['colcon_meta']
[0.280s] Level 1:colcon.colcon_core.package_identification:_identify(src/Simple-2D-LiDAR-Odometry) by extension 'colcon_meta'
[0.280s] Level 1:colcon.colcon_core.package_identification:_identify(src/Simple-2D-LiDAR-Odometry) by extensions ['ros']
[0.280s] Level 1:colcon.colcon_core.package_identification:_identify(src/Simple-2D-LiDAR-Odometry) by extension 'ros'
[0.283s] DEBUG:colcon.colcon_core.package_identification:Package 'src/Simple-2D-LiDAR-Odometry' with type 'ros.ament_cmake' and name 'lidar_odometry'
[0.283s] Level 1:colcon.colcon_core.package_discovery:discover_packages(recursive) using defaults
[0.283s] Level 1:colcon.colcon_core.package_discovery:discover_packages(ignore) discover
[0.283s] Level 1:colcon.colcon_core.package_discovery:discover_packages(ignore) using defaults
[0.283s] Level 1:colcon.colcon_core.package_discovery:discover_packages(path) discover
[0.283s] Level 1:colcon.colcon_core.package_discovery:discover_packages(path) using defaults
[0.300s] Level 1:colcon.colcon_core.package_discovery:discover_packages(prefix_path) check parameters
[0.300s] Level 1:colcon.colcon_core.package_discovery:discover_packages(prefix_path) discover
[0.313s] DEBUG:colcon.colcon_installed_package_information.package_discovery:Found 1 installed packages in /home/por/ros2_ws/install
[0.314s] DEBUG:colcon.colcon_installed_package_information.package_discovery:Found 279 installed packages in /opt/ros/humble
[0.315s] Level 1:colcon.colcon_core.package_discovery:discover_packages(prefix_path) using defaults
[0.350s] Level 5:colcon.colcon_core.verb:set package 'lidar_odometry' build argument 'cmake_args' from command line to 'None'
[0.350s] Level 5:colcon.colcon_core.verb:set package 'lidar_odometry' build argument 'cmake_target' from command line to 'None'
[0.350s] Level 5:colcon.colcon_core.verb:set package 'lidar_odometry' build argument 'cmake_target_skip_unavailable' from command line to 'False'
[0.350s] Level 5:colcon.colcon_core.verb:set package 'lidar_odometry' build argument 'cmake_clean_cache' from command line to 'False'
[0.350s] Level 5:colcon.colcon_core.verb:set package 'lidar_odometry' build argument 'cmake_clean_first' from command line to 'False'
[0.350s] Level 5:colcon.colcon_core.verb:set package 'lidar_odometry' build argument 'cmake_force_configure' from command line to 'False'
[0.350s] Level 5:colcon.colcon_core.verb:set package 'lidar_odometry' build argument 'ament_cmake_args' from command line to 'None'
[0.350s] Level 5:colcon.colcon_core.verb:set package 'lidar_odometry' build argument 'catkin_cmake_args' from command line to 'None'
[0.350s] Level 5:colcon.colcon_core.verb:set package 'lidar_odometry' build argument 'catkin_skip_building_tests' from command line to 'False'
[0.350s] DEBUG:colcon.colcon_core.verb:Building package 'lidar_odometry' with the following arguments: {'ament_cmake_args': None, 'build_base': '/home/por/ros2_ws/build/lidar_odometry', 'catkin_cmake_args': None, 'catkin_skip_building_tests': False, 'cmake_args': None, 'cmake_clean_cache': False, 'cmake_clean_first': False, 'cmake_force_configure': False, 'cmake_target': None, 'cmake_target_skip_unavailable': False, 'install_base': '/home/por/ros2_ws/install/lidar_odometry', 'merge_install': False, 'path': '/home/por/ros2_ws/src/Simple-2D-LiDAR-Odometry', 'symlink_install': False, 'test_result_base': None}
[0.350s] INFO:colcon.colcon_core.executor:Executing jobs using 'parallel' executor
[0.351s] DEBUG:colcon.colcon_parallel_executor.executor.parallel:run_until_complete
[0.351s] INFO:colcon.colcon_ros.task.ament_cmake.build:Building ROS package in '/home/por/ros2_ws/src/Simple-2D-LiDAR-Odometry' with build type 'ament_cmake'
[0.351s] INFO:colcon.colcon_cmake.task.cmake.build:Building CMake package in '/home/por/ros2_ws/src/Simple-2D-LiDAR-Odometry'
[0.352s] INFO:colcon.colcon_core.plugin_system:Skipping extension 'colcon_core.shell.bat': Not used on non-Windows systems
[0.353s] INFO:colcon.colcon_core.shell:Skip shell extension 'powershell' for command environment: Not usable outside of PowerShell
[0.353s] DEBUG:colcon.colcon_core.shell:Skip shell extension 'dsv' for command environment
[0.361s] DEBUG:colcon.colcon_core.event_handler.log_command:Invoking command in '/home/por/ros2_ws/build/lidar_odometry': CMAKE_PREFIX_PATH=${CMAKE_PREFIX_PATH}:/opt/ros/humble /usr/bin/cmake --build /home/por/ros2_ws/build/lidar_odometry -- -j2 -l2
[34.257s] DEBUG:colcon.colcon_core.event_handler.log_command:Invoked command in '/home/por/ros2_ws/build/lidar_odometry' returned '0': CMAKE_PREFIX_PATH=${CMAKE_PREFIX_PATH}:/opt/ros/humble /usr/bin/cmake --build /home/por/ros2_ws/build/lidar_odometry -- -j2 -l2
[34.311s] DEBUG:colcon.colcon_core.event_handler.log_command:Invoking command in '/home/por/ros2_ws/build/lidar_odometry': CMAKE_PREFIX_PATH=${CMAKE_PREFIX_PATH}:/opt/ros/humble /usr/bin/cmake --install /home/por/ros2_ws/build/lidar_odometry
[34.339s] Level 1:colcon.colcon_core.environment:create_environment_scripts_only(lidar_odometry)
[34.340s] DEBUG:colcon.colcon_core.event_handler.log_command:Invoked command in '/home/por/ros2_ws/build/lidar_odometry' returned '0': CMAKE_PREFIX_PATH=${CMAKE_PREFIX_PATH}:/opt/ros/humble /usr/bin/cmake --install /home/por/ros2_ws/build/lidar_odometry
[34.345s] Level 1:colcon.colcon_core.environment:checking '/home/por/ros2_ws/install/lidar_odometry' for CMake module files
[34.352s] Level 1:colcon.colcon_core.environment:checking '/home/por/ros2_ws/install/lidar_odometry' for CMake config files
[34.352s] Level 1:colcon.colcon_core.shell:create_environment_hook('lidar_odometry', 'cmake_prefix_path')
[34.353s] INFO:colcon.colcon_core.shell:Creating environment hook '/home/por/ros2_ws/install/lidar_odometry/share/lidar_odometry/hook/cmake_prefix_path.ps1'
[34.354s] INFO:colcon.colcon_core.shell:Creating environment descriptor '/home/por/ros2_ws/install/lidar_odometry/share/lidar_odometry/hook/cmake_prefix_path.dsv'
[34.355s] INFO:colcon.colcon_core.shell:Creating environment hook '/home/por/ros2_ws/install/lidar_odometry/share/lidar_odometry/hook/cmake_prefix_path.sh'
[34.356s] Level 1:colcon.colcon_core.environment:checking '/home/por/ros2_ws/install/lidar_odometry/lib'
[34.356s] Level 1:colcon.colcon_core.environment:checking '/home/por/ros2_ws/install/lidar_odometry/bin'
[34.357s] Level 1:colcon.colcon_core.environment:checking '/home/por/ros2_ws/install/lidar_odometry/lib/pkgconfig/lidar_odometry.pc'
[34.357s] Level 1:colcon.colcon_core.environment:checking '/home/por/ros2_ws/install/lidar_odometry/lib/python3.10/site-packages'
[34.357s] Level 1:colcon.colcon_core.environment:checking '/home/por/ros2_ws/install/lidar_odometry/bin'
[34.357s] INFO:colcon.colcon_core.shell:Creating package script '/home/por/ros2_ws/install/lidar_odometry/share/lidar_odometry/package.ps1'
[34.358s] INFO:colcon.colcon_core.shell:Creating package descriptor '/home/por/ros2_ws/install/lidar_odometry/share/lidar_odometry/package.dsv'
[34.359s] INFO:colcon.colcon_core.shell:Creating package script '/home/por/ros2_ws/install/lidar_odometry/share/lidar_odometry/package.sh'
[34.359s] INFO:colcon.colcon_core.shell:Creating package script '/home/por/ros2_ws/install/lidar_odometry/share/lidar_odometry/package.bash'
[34.361s] INFO:colcon.colcon_core.shell:Creating package script '/home/por/ros2_ws/install/lidar_odometry/share/lidar_odometry/package.zsh'
[34.362s] Level 1:colcon.colcon_core.environment:create_file_with_runtime_dependencies(/home/por/ros2_ws/install/lidar_odometry/share/colcon-core/packages/lidar_odometry)
[34.362s] Level 1:colcon.colcon_core.environment:create_environment_scripts_only(lidar_odometry)
[34.362s] Level 1:colcon.colcon_core.environment:checking '/home/por/ros2_ws/install/lidar_odometry' for CMake module files
[34.363s] Level 1:colcon.colcon_core.environment:checking '/home/por/ros2_ws/install/lidar_odometry' for CMake config files
[34.363s] Level 1:colcon.colcon_core.shell:create_environment_hook('lidar_odometry', 'cmake_prefix_path')
[34.363s] INFO:colcon.colcon_core.shell:Creating environment hook '/home/por/ros2_ws/install/lidar_odometry/share/lidar_odometry/hook/cmake_prefix_path.ps1'
[34.363s] INFO:colcon.colcon_core.shell:Creating environment descriptor '/home/por/ros2_ws/install/lidar_odometry/share/lidar_odometry/hook/cmake_prefix_path.dsv'
[34.363s] INFO:colcon.colcon_core.shell:Creating environment hook '/home/por/ros2_ws/install/lidar_odometry/share/lidar_odometry/hook/cmake_prefix_path.sh'
[34.366s] Level 1:colcon.colcon_core.environment:checking '/home/por/ros2_ws/install/lidar_odometry/lib'
[34.366s] Level 1:colcon.colcon_core.environment:checking '/home/por/ros2_ws/install/lidar_odometry/bin'
[34.366s] Level 1:colcon.colcon_core.environment:checking '/home/por/ros2_ws/install/lidar_odometry/lib/pkgconfig/lidar_odometry.pc'
[34.366s] Level 1:colcon.colcon_core.environment:checking '/home/por/ros2_ws/install/lidar_odometry/lib/python3.10/site-packages'
[34.366s] Level 1:colcon.colcon_core.environment:checking '/home/por/ros2_ws/install/lidar_odometry/bin'
[34.366s] INFO:colcon.colcon_core.shell:Creating package script '/home/por/ros2_ws/install/lidar_odometry/share/lidar_odometry/package.ps1'
[34.367s] INFO:colcon.colcon_core.shell:Creating package descriptor '/home/por/ros2_ws/install/lidar_odometry/share/lidar_odometry/package.dsv'
[34.367s] INFO:colcon.colcon_core.shell:Creating package script '/home/por/ros2_ws/install/lidar_odometry/share/lidar_odometry/package.sh'
[34.369s] INFO:colcon.colcon_core.shell:Creating package script '/home/por/ros2_ws/install/lidar_odometry/share/lidar_odometry/package.bash'
[34.369s] INFO:colcon.colcon_core.shell:Creating package script '/home/por/ros2_ws/install/lidar_odometry/share/lidar_odometry/package.zsh'
[34.369s] Level 1:colcon.colcon_core.environment:create_file_with_runtime_dependencies(/home/por/ros2_ws/install/lidar_odometry/share/colcon-core/packages/lidar_odometry)
[34.370s] DEBUG:colcon.colcon_parallel_executor.executor.parallel:closing loop
[34.370s] DEBUG:colcon.colcon_parallel_executor.executor.parallel:loop closed
[34.370s] DEBUG:colcon.colcon_parallel_executor.executor.parallel:run_until_complete finished with '0'
[34.374s] DEBUG:colcon.colcon_core.event_reactor:joining thread
[34.385s] INFO:colcon.colcon_core.plugin_system:Skipping extension 'colcon_notification.desktop_notification.terminal_notifier': Not used on non-Darwin systems
[34.386s] INFO:colcon.colcon_core.plugin_system:Skipping extension 'colcon_notification.desktop_notification.win32': Not used on non-Windows systems
[34.386s] INFO:colcon.colcon_notification.desktop_notification:Sending desktop notification using 'notify2'
[34.472s] DEBUG:colcon.colcon_core.event_reactor:joined thread
[34.473s] INFO:colcon.colcon_core.shell:Creating prefix script '/home/por/ros2_ws/install/local_setup.ps1'
[34.474s] INFO:colcon.colcon_core.shell:Creating prefix util module '/home/por/ros2_ws/install/_local_setup_util_ps1.py'
[34.476s] INFO:colcon.colcon_core.shell:Creating prefix chain script '/home/por/ros2_ws/install/setup.ps1'
[34.479s] INFO:colcon.colcon_core.shell:Creating prefix script '/home/por/ros2_ws/install/local_setup.sh'
[34.480s] INFO:colcon.colcon_core.shell:Creating prefix util module '/home/por/ros2_ws/install/_local_setup_util_sh.py'
[34.480s] INFO:colcon.colcon_core.shell:Creating prefix chain script '/home/por/ros2_ws/install/setup.sh'
[34.481s] INFO:colcon.colcon_core.shell:Creating prefix script '/home/por/ros2_ws/install/local_setup.bash'
[34.482s] INFO:colcon.colcon_core.shell:Creating prefix chain script '/home/por/ros2_ws/install/setup.bash'
[34.483s] INFO:colcon.colcon_core.shell:Creating prefix script '/home/por/ros2_ws/install/local_setup.zsh'
[34.483s] INFO:colcon.colcon_core.shell:Creating prefix chain script '/home/por/ros2_ws/install/setup.zsh'
