[0.424s] DEBUG:colcon:Command line arguments: ['/usr/bin/colcon', 'build', '--packages-select', 'lidar_odometry', '--event-handlers', 'console_direct+']
[0.425s] DEBUG:colcon:Parsed command line arguments: Namespace(log_base=None, log_level=None, verb_name='build', build_base='build', install_base='install', merge_install=False, symlink_install=False, test_result_base=None, continue_on_error=False, executor='parallel', parallel_workers=2, event_handlers=['console_direct+'], ignore_user_meta=False, metas=['./colcon.meta'], base_paths=['.'], packages_ignore=None, packages_ignore_regex=None, paths=None, packages_up_to=None, packages_up_to_regex=None, packages_above=None, packages_above_and_dependencies=None, packages_above_depth=None, packages_select_by_dep=None, packages_skip_by_dep=None, packages_skip_up_to=None, packages_select_build_failed=False, packages_skip_build_finished=False, packages_select_test_failures=False, packages_skip_test_passed=False, packages_select=['lidar_odometry'], packages_skip=None, packages_select_regex=None, packages_skip_regex=None, packages_start=None, packages_end=None, allow_overriding=[], cmake_args=None, cmake_target=None, cmake_target_skip_unavailable=False, cmake_clean_cache=False, cmake_clean_first=False, cmake_force_configure=False, ament_cmake_args=None, catkin_cmake_args=None, catkin_skip_building_tests=False, verb_parser=<colcon_defaults.argument_parser.defaults.DefaultArgumentsDecorator object at 0xffff8b1ffd00>, verb_extension=<colcon_core.verb.build.BuildVerb object at 0xffff8b1ff7f0>, main=<bound method BuildVerb.main of <colcon_core.verb.build.BuildVerb object at 0xffff8b1ff7f0>>)
[0.718s] Level 1:colcon.colcon_core.package_discovery:discover_packages(colcon_meta) check parameters
[0.718s] Level 1:colcon.colcon_core.package_discovery:discover_packages(recursive) check parameters
[0.718s] Level 1:colcon.colcon_core.package_discovery:discover_packages(ignore) check parameters
[0.718s] Level 1:colcon.colcon_core.package_discovery:discover_packages(path) check parameters
[0.718s] Level 1:colcon.colcon_core.package_discovery:discover_packages(colcon_meta) discover
[0.718s] Level 1:colcon.colcon_core.package_discovery:discover_packages(recursive) discover
[0.718s] INFO:colcon.colcon_core.package_discovery:Crawling recursively for packages in '/home/por/ros2_ws'
[0.719s] Level 1:colcon.colcon_core.package_identification:_identify(.) by extensions ['ignore', 'ignore_ament_install']
[0.719s] Level 1:colcon.colcon_core.package_identification:_identify(.) by extension 'ignore'
[0.719s] Level 1:colcon.colcon_core.package_identification:_identify(.) by extension 'ignore_ament_install'
[0.719s] Level 1:colcon.colcon_core.package_identification:_identify(.) by extensions ['colcon_pkg']
[0.719s] Level 1:colcon.colcon_core.package_identification:_identify(.) by extension 'colcon_pkg'
[0.719s] Level 1:colcon.colcon_core.package_identification:_identify(.) by extensions ['colcon_meta']
[0.719s] Level 1:colcon.colcon_core.package_identification:_identify(.) by extension 'colcon_meta'
[0.719s] Level 1:colcon.colcon_core.package_identification:_identify(.) by extensions ['ros']
[0.719s] Level 1:colcon.colcon_core.package_identification:_identify(.) by extension 'ros'
[0.746s] Level 1:colcon.colcon_core.package_identification:_identify(.) by extensions ['cmake', 'python']
[0.746s] Level 1:colcon.colcon_core.package_identification:_identify(.) by extension 'cmake'
[0.746s] Level 1:colcon.colcon_core.package_identification:_identify(.) by extension 'python'
[0.747s] Level 1:colcon.colcon_core.package_identification:_identify(.) by extensions ['python_setup_py']
[0.747s] Level 1:colcon.colcon_core.package_identification:_identify(.) by extension 'python_setup_py'
[0.747s] Level 1:colcon.colcon_core.package_identification:_identify(build) by extensions ['ignore', 'ignore_ament_install']
[0.747s] Level 1:colcon.colcon_core.package_identification:_identify(build) by extension 'ignore'
[0.747s] Level 1:colcon.colcon_core.package_identification:_identify(build) ignored
[0.747s] Level 1:colcon.colcon_core.package_identification:_identify(install) by extensions ['ignore', 'ignore_ament_install']
[0.747s] Level 1:colcon.colcon_core.package_identification:_identify(install) by extension 'ignore'
[0.747s] Level 1:colcon.colcon_core.package_identification:_identify(install) ignored
[0.748s] Level 1:colcon.colcon_core.package_identification:_identify(log) by extensions ['ignore', 'ignore_ament_install']
[0.748s] Level 1:colcon.colcon_core.package_identification:_identify(log) by extension 'ignore'
[0.748s] Level 1:colcon.colcon_core.package_identification:_identify(log) ignored
[0.748s] Level 1:colcon.colcon_core.package_identification:_identify(src) by extensions ['ignore', 'ignore_ament_install']
[0.748s] Level 1:colcon.colcon_core.package_identification:_identify(src) by extension 'ignore'
[0.748s] Level 1:colcon.colcon_core.package_identification:_identify(src) by extension 'ignore_ament_install'
[0.749s] Level 1:colcon.colcon_core.package_identification:_identify(src) by extensions ['colcon_pkg']
[0.749s] Level 1:colcon.colcon_core.package_identification:_identify(src) by extension 'colcon_pkg'
[0.749s] Level 1:colcon.colcon_core.package_identification:_identify(src) by extensions ['colcon_meta']
[0.749s] Level 1:colcon.colcon_core.package_identification:_identify(src) by extension 'colcon_meta'
[0.749s] Level 1:colcon.colcon_core.package_identification:_identify(src) by extensions ['ros']
[0.749s] Level 1:colcon.colcon_core.package_identification:_identify(src) by extension 'ros'
[0.749s] Level 1:colcon.colcon_core.package_identification:_identify(src) by extensions ['cmake', 'python']
[0.749s] Level 1:colcon.colcon_core.package_identification:_identify(src) by extension 'cmake'
[0.749s] Level 1:colcon.colcon_core.package_identification:_identify(src) by extension 'python'
[0.749s] Level 1:colcon.colcon_core.package_identification:_identify(src) by extensions ['python_setup_py']
[0.749s] Level 1:colcon.colcon_core.package_identification:_identify(src) by extension 'python_setup_py'
[0.749s] Level 1:colcon.colcon_core.package_identification:_identify(src/Simple-2D-LiDAR-Odometry) by extensions ['ignore', 'ignore_ament_install']
[0.749s] Level 1:colcon.colcon_core.package_identification:_identify(src/Simple-2D-LiDAR-Odometry) by extension 'ignore'
[0.749s] Level 1:colcon.colcon_core.package_identification:_identify(src/Simple-2D-LiDAR-Odometry) by extension 'ignore_ament_install'
[0.749s] Level 1:colcon.colcon_core.package_identification:_identify(src/Simple-2D-LiDAR-Odometry) by extensions ['colcon_pkg']
[0.749s] Level 1:colcon.colcon_core.package_identification:_identify(src/Simple-2D-LiDAR-Odometry) by extension 'colcon_pkg'
[0.749s] Level 1:colcon.colcon_core.package_identification:_identify(src/Simple-2D-LiDAR-Odometry) by extensions ['colcon_meta']
[0.749s] Level 1:colcon.colcon_core.package_identification:_identify(src/Simple-2D-LiDAR-Odometry) by extension 'colcon_meta'
[0.749s] Level 1:colcon.colcon_core.package_identification:_identify(src/Simple-2D-LiDAR-Odometry) by extensions ['ros']
[0.749s] Level 1:colcon.colcon_core.package_identification:_identify(src/Simple-2D-LiDAR-Odometry) by extension 'ros'
[0.753s] DEBUG:colcon.colcon_core.package_identification:Package 'src/Simple-2D-LiDAR-Odometry' with type 'ros.ament_cmake' and name 'lidar_odometry'
[0.754s] Level 1:colcon.colcon_core.package_identification:_identify(src/lidar_robot_simulation) by extensions ['ignore', 'ignore_ament_install']
[0.754s] Level 1:colcon.colcon_core.package_identification:_identify(src/lidar_robot_simulation) by extension 'ignore'
[0.754s] Level 1:colcon.colcon_core.package_identification:_identify(src/lidar_robot_simulation) by extension 'ignore_ament_install'
[0.754s] Level 1:colcon.colcon_core.package_identification:_identify(src/lidar_robot_simulation) by extensions ['colcon_pkg']
[0.754s] Level 1:colcon.colcon_core.package_identification:_identify(src/lidar_robot_simulation) by extension 'colcon_pkg'
[0.754s] Level 1:colcon.colcon_core.package_identification:_identify(src/lidar_robot_simulation) by extensions ['colcon_meta']
[0.754s] Level 1:colcon.colcon_core.package_identification:_identify(src/lidar_robot_simulation) by extension 'colcon_meta'
[0.754s] Level 1:colcon.colcon_core.package_identification:_identify(src/lidar_robot_simulation) by extensions ['ros']
[0.754s] Level 1:colcon.colcon_core.package_identification:_identify(src/lidar_robot_simulation) by extension 'ros'
[0.756s] DEBUG:colcon.colcon_core.package_identification:Package 'src/lidar_robot_simulation' with type 'ros.ament_cmake' and name 'lidar_robot_simulation'
[0.756s] Level 1:colcon.colcon_core.package_discovery:discover_packages(recursive) using defaults
[0.756s] Level 1:colcon.colcon_core.package_discovery:discover_packages(ignore) discover
[0.756s] Level 1:colcon.colcon_core.package_discovery:discover_packages(ignore) using defaults
[0.756s] Level 1:colcon.colcon_core.package_discovery:discover_packages(path) discover
[0.756s] Level 1:colcon.colcon_core.package_discovery:discover_packages(path) using defaults
[0.804s] INFO:colcon.colcon_core.package_selection:Skipping not selected package 'lidar_robot_simulation' in 'src/lidar_robot_simulation'
[0.808s] Level 1:colcon.colcon_core.package_discovery:discover_packages(prefix_path) check parameters
[0.808s] Level 1:colcon.colcon_core.package_discovery:discover_packages(prefix_path) discover
[0.815s] DEBUG:colcon.colcon_installed_package_information.package_discovery:Found 2 installed packages in /home/por/ros2_ws/install
[0.816s] DEBUG:colcon.colcon_installed_package_information.package_discovery:Found 282 installed packages in /opt/ros/humble
[0.817s] Level 1:colcon.colcon_core.package_discovery:discover_packages(prefix_path) using defaults
[0.853s] Level 5:colcon.colcon_core.verb:set package 'lidar_odometry' build argument 'cmake_args' from command line to 'None'
[0.853s] Level 5:colcon.colcon_core.verb:set package 'lidar_odometry' build argument 'cmake_target' from command line to 'None'
[0.853s] Level 5:colcon.colcon_core.verb:set package 'lidar_odometry' build argument 'cmake_target_skip_unavailable' from command line to 'False'
[0.853s] Level 5:colcon.colcon_core.verb:set package 'lidar_odometry' build argument 'cmake_clean_cache' from command line to 'False'
[0.853s] Level 5:colcon.colcon_core.verb:set package 'lidar_odometry' build argument 'cmake_clean_first' from command line to 'False'
[0.853s] Level 5:colcon.colcon_core.verb:set package 'lidar_odometry' build argument 'cmake_force_configure' from command line to 'False'
[0.853s] Level 5:colcon.colcon_core.verb:set package 'lidar_odometry' build argument 'ament_cmake_args' from command line to 'None'
[0.853s] Level 5:colcon.colcon_core.verb:set package 'lidar_odometry' build argument 'catkin_cmake_args' from command line to 'None'
[0.853s] Level 5:colcon.colcon_core.verb:set package 'lidar_odometry' build argument 'catkin_skip_building_tests' from command line to 'False'
[0.853s] DEBUG:colcon.colcon_core.verb:Building package 'lidar_odometry' with the following arguments: {'ament_cmake_args': None, 'build_base': '/home/por/ros2_ws/build/lidar_odometry', 'catkin_cmake_args': None, 'catkin_skip_building_tests': False, 'cmake_args': None, 'cmake_clean_cache': False, 'cmake_clean_first': False, 'cmake_force_configure': False, 'cmake_target': None, 'cmake_target_skip_unavailable': False, 'install_base': '/home/por/ros2_ws/install/lidar_odometry', 'merge_install': False, 'path': '/home/por/ros2_ws/src/Simple-2D-LiDAR-Odometry', 'symlink_install': False, 'test_result_base': None}
[0.853s] INFO:colcon.colcon_core.executor:Executing jobs using 'parallel' executor
[0.854s] DEBUG:colcon.colcon_parallel_executor.executor.parallel:run_until_complete
[0.854s] INFO:colcon.colcon_ros.task.ament_cmake.build:Building ROS package in '/home/por/ros2_ws/src/Simple-2D-LiDAR-Odometry' with build type 'ament_cmake'
[0.854s] INFO:colcon.colcon_cmake.task.cmake.build:Building CMake package in '/home/por/ros2_ws/src/Simple-2D-LiDAR-Odometry'
[0.860s] INFO:colcon.colcon_core.plugin_system:Skipping extension 'colcon_core.shell.bat': Not used on non-Windows systems
[0.860s] INFO:colcon.colcon_core.shell:Skip shell extension 'powershell' for command environment: Not usable outside of PowerShell
[0.860s] DEBUG:colcon.colcon_core.shell:Skip shell extension 'dsv' for command environment
[0.872s] DEBUG:colcon.colcon_core.event_handler.log_command:Invoking command in '/home/por/ros2_ws/build/lidar_odometry': CMAKE_PREFIX_PATH=${CMAKE_PREFIX_PATH}:/opt/ros/humble /usr/bin/cmake --build /home/por/ros2_ws/build/lidar_odometry -- -j2 -l2
[72.950s] DEBUG:colcon.colcon_core.event_handler.log_command:Invoked command in '/home/por/ros2_ws/build/lidar_odometry' returned '0': CMAKE_PREFIX_PATH=${CMAKE_PREFIX_PATH}:/opt/ros/humble /usr/bin/cmake --build /home/por/ros2_ws/build/lidar_odometry -- -j2 -l2
[72.969s] DEBUG:colcon.colcon_core.event_handler.log_command:Invoking command in '/home/por/ros2_ws/build/lidar_odometry': CMAKE_PREFIX_PATH=${CMAKE_PREFIX_PATH}:/opt/ros/humble /usr/bin/cmake --install /home/por/ros2_ws/build/lidar_odometry
[73.001s] Level 1:colcon.colcon_core.environment:create_environment_scripts_only(lidar_odometry)
[73.002s] DEBUG:colcon.colcon_core.event_handler.log_command:Invoked command in '/home/por/ros2_ws/build/lidar_odometry' returned '0': CMAKE_PREFIX_PATH=${CMAKE_PREFIX_PATH}:/opt/ros/humble /usr/bin/cmake --install /home/por/ros2_ws/build/lidar_odometry
[73.010s] Level 1:colcon.colcon_core.environment:checking '/home/por/ros2_ws/install/lidar_odometry' for CMake module files
[73.011s] Level 1:colcon.colcon_core.environment:checking '/home/por/ros2_ws/install/lidar_odometry' for CMake config files
[73.011s] Level 1:colcon.colcon_core.shell:create_environment_hook('lidar_odometry', 'cmake_prefix_path')
[73.011s] INFO:colcon.colcon_core.shell:Creating environment hook '/home/por/ros2_ws/install/lidar_odometry/share/lidar_odometry/hook/cmake_prefix_path.ps1'
[73.013s] INFO:colcon.colcon_core.shell:Creating environment descriptor '/home/por/ros2_ws/install/lidar_odometry/share/lidar_odometry/hook/cmake_prefix_path.dsv'
[73.013s] INFO:colcon.colcon_core.shell:Creating environment hook '/home/por/ros2_ws/install/lidar_odometry/share/lidar_odometry/hook/cmake_prefix_path.sh'
[73.015s] Level 1:colcon.colcon_core.environment:checking '/home/por/ros2_ws/install/lidar_odometry/lib'
[73.015s] Level 1:colcon.colcon_core.environment:checking '/home/por/ros2_ws/install/lidar_odometry/bin'
[73.015s] Level 1:colcon.colcon_core.environment:checking '/home/por/ros2_ws/install/lidar_odometry/lib/pkgconfig/lidar_odometry.pc'
[73.015s] Level 1:colcon.colcon_core.environment:checking '/home/por/ros2_ws/install/lidar_odometry/lib/python3.10/site-packages'
[73.016s] Level 1:colcon.colcon_core.environment:checking '/home/por/ros2_ws/install/lidar_odometry/bin'
[73.016s] INFO:colcon.colcon_core.shell:Creating package script '/home/por/ros2_ws/install/lidar_odometry/share/lidar_odometry/package.ps1'
[73.017s] INFO:colcon.colcon_core.shell:Creating package descriptor '/home/por/ros2_ws/install/lidar_odometry/share/lidar_odometry/package.dsv'
[73.017s] INFO:colcon.colcon_core.shell:Creating package script '/home/por/ros2_ws/install/lidar_odometry/share/lidar_odometry/package.sh'
[73.018s] INFO:colcon.colcon_core.shell:Creating package script '/home/por/ros2_ws/install/lidar_odometry/share/lidar_odometry/package.bash'
[73.019s] INFO:colcon.colcon_core.shell:Creating package script '/home/por/ros2_ws/install/lidar_odometry/share/lidar_odometry/package.zsh'
[73.020s] Level 1:colcon.colcon_core.environment:create_file_with_runtime_dependencies(/home/por/ros2_ws/install/lidar_odometry/share/colcon-core/packages/lidar_odometry)
[73.021s] Level 1:colcon.colcon_core.environment:create_environment_scripts_only(lidar_odometry)
[73.021s] Level 1:colcon.colcon_core.environment:checking '/home/por/ros2_ws/install/lidar_odometry' for CMake module files
[73.022s] Level 1:colcon.colcon_core.environment:checking '/home/por/ros2_ws/install/lidar_odometry' for CMake config files
[73.022s] Level 1:colcon.colcon_core.shell:create_environment_hook('lidar_odometry', 'cmake_prefix_path')
[73.022s] INFO:colcon.colcon_core.shell:Creating environment hook '/home/por/ros2_ws/install/lidar_odometry/share/lidar_odometry/hook/cmake_prefix_path.ps1'
[73.022s] INFO:colcon.colcon_core.shell:Creating environment descriptor '/home/por/ros2_ws/install/lidar_odometry/share/lidar_odometry/hook/cmake_prefix_path.dsv'
[73.022s] INFO:colcon.colcon_core.shell:Creating environment hook '/home/por/ros2_ws/install/lidar_odometry/share/lidar_odometry/hook/cmake_prefix_path.sh'
[73.023s] Level 1:colcon.colcon_core.environment:checking '/home/por/ros2_ws/install/lidar_odometry/lib'
[73.023s] Level 1:colcon.colcon_core.environment:checking '/home/por/ros2_ws/install/lidar_odometry/bin'
[73.023s] Level 1:colcon.colcon_core.environment:checking '/home/por/ros2_ws/install/lidar_odometry/lib/pkgconfig/lidar_odometry.pc'
[73.023s] Level 1:colcon.colcon_core.environment:checking '/home/por/ros2_ws/install/lidar_odometry/lib/python3.10/site-packages'
[73.023s] Level 1:colcon.colcon_core.environment:checking '/home/por/ros2_ws/install/lidar_odometry/bin'
[73.023s] INFO:colcon.colcon_core.shell:Creating package script '/home/por/ros2_ws/install/lidar_odometry/share/lidar_odometry/package.ps1'
[73.024s] INFO:colcon.colcon_core.shell:Creating package descriptor '/home/por/ros2_ws/install/lidar_odometry/share/lidar_odometry/package.dsv'
[73.024s] INFO:colcon.colcon_core.shell:Creating package script '/home/por/ros2_ws/install/lidar_odometry/share/lidar_odometry/package.sh'
[73.024s] INFO:colcon.colcon_core.shell:Creating package script '/home/por/ros2_ws/install/lidar_odometry/share/lidar_odometry/package.bash'
[73.024s] INFO:colcon.colcon_core.shell:Creating package script '/home/por/ros2_ws/install/lidar_odometry/share/lidar_odometry/package.zsh'
[73.025s] Level 1:colcon.colcon_core.environment:create_file_with_runtime_dependencies(/home/por/ros2_ws/install/lidar_odometry/share/colcon-core/packages/lidar_odometry)
[73.025s] DEBUG:colcon.colcon_parallel_executor.executor.parallel:closing loop
[73.026s] DEBUG:colcon.colcon_parallel_executor.executor.parallel:loop closed
[73.026s] DEBUG:colcon.colcon_parallel_executor.executor.parallel:run_until_complete finished with '0'
[73.026s] DEBUG:colcon.colcon_core.event_reactor:joining thread
[73.037s] INFO:colcon.colcon_core.plugin_system:Skipping extension 'colcon_notification.desktop_notification.terminal_notifier': Not used on non-Darwin systems
[73.037s] INFO:colcon.colcon_core.plugin_system:Skipping extension 'colcon_notification.desktop_notification.win32': Not used on non-Windows systems
[73.037s] INFO:colcon.colcon_notification.desktop_notification:Sending desktop notification using 'notify2'
[73.328s] DEBUG:colcon.colcon_core.event_reactor:joined thread
[73.328s] INFO:colcon.colcon_core.shell:Creating prefix script '/home/por/ros2_ws/install/local_setup.ps1'
[73.330s] INFO:colcon.colcon_core.shell:Creating prefix util module '/home/por/ros2_ws/install/_local_setup_util_ps1.py'
[73.331s] INFO:colcon.colcon_core.shell:Creating prefix chain script '/home/por/ros2_ws/install/setup.ps1'
[73.333s] INFO:colcon.colcon_core.shell:Creating prefix script '/home/por/ros2_ws/install/local_setup.sh'
[73.334s] INFO:colcon.colcon_core.shell:Creating prefix util module '/home/por/ros2_ws/install/_local_setup_util_sh.py'
[73.334s] INFO:colcon.colcon_core.shell:Creating prefix chain script '/home/por/ros2_ws/install/setup.sh'
[73.336s] INFO:colcon.colcon_core.shell:Creating prefix script '/home/por/ros2_ws/install/local_setup.bash'
[73.336s] INFO:colcon.colcon_core.shell:Creating prefix chain script '/home/por/ros2_ws/install/setup.bash'
[73.337s] INFO:colcon.colcon_core.shell:Creating prefix script '/home/por/ros2_ws/install/local_setup.zsh'
[73.338s] INFO:colcon.colcon_core.shell:Creating prefix chain script '/home/por/ros2_ws/install/setup.zsh'
