[0.010s] Invoking command in '/home/por/ros2_ws/build/lidar_odometry': CMAKE_PREFIX_PATH=/opt/ros/humble /usr/bin/cmake --build /home/por/ros2_ws/build/lidar_odometry -- -j2 -l2
[0.097s] -- Found ament_cmake: 1.3.11 (/opt/ros/humble/share/ament_cmake/cmake)
[0.241s] -- Found rclcpp: 16.0.12 (/opt/ros/humble/share/rclcpp/cmake)
[0.276s] -- Found rosidl_generator_c: 3.1.6 (/opt/ros/humble/share/rosidl_generator_c/cmake)
[0.279s] -- Found rosidl_adapter: 3.1.6 (/opt/ros/humble/share/rosidl_adapter/cmake)
[0.285s] -- Found rosidl_generator_cpp: 3.1.6 (/opt/ros/humble/share/rosidl_generator_cpp/cmake)
[0.296s] -- Using all available rosidl_typesupport_c: rosidl_typesupport_fastrtps_c;rosidl_typesupport_introspection_c
[0.308s] -- Using all available rosidl_typesupport_cpp: rosidl_typesupport_fastrtps_cpp;rosidl_typesupport_introspection_cpp
[0.343s] -- Found rmw_implementation_cmake: 6.1.2 (/opt/ros/humble/share/rmw_implementation_cmake/cmake)
[0.345s] -- Found rmw_fastrtps_cpp: 6.2.7 (/opt/ros/humble/share/rmw_fastrtps_cpp/cmake)
[0.450s] -- Using RMW implementation 'rmw_fastrtps_cpp' as default
[0.504s] -- Found sensor_msgs: 4.8.0 (/opt/ros/humble/share/sensor_msgs/cmake)
[0.541s] -- Found nav_msgs: 4.8.0 (/opt/ros/humble/share/nav_msgs/cmake)
[0.584s] -- Eigen found (include: /usr/include/eigen3, version: 3.4.0)
[0.617s] -- FLANN found (include: /usr/include, lib: /usr/lib/aarch64-linux-gnu/libflann_cpp.so)
[1.072s] -- OpenNI found (version: 1.5.4.0, include: /usr/include/ni, lib: /usr/lib/libOpenNI.so;libusb::libusb)
[1.076s] -- OpenNI2 found (version: 2.2.0.33, include: /usr/include/openni2, lib: /usr/lib/aarch64-linux-gnu/libOpenNI2.so;libusb::libusb)
[1.077s] ** WARNING ** io features related to pcap will be disabled
[1.221s] -- Eigen found (include: /usr/include/eigen3, version: 3.4.0)
[1.226s] -- OpenNI found (version: 1.5.4.0, include: /usr/include/ni, lib: /usr/lib/libOpenNI.so;libusb::libusb)
[1.230s] -- OpenNI2 found (version: 2.2.0.33, include: /usr/include/openni2, lib: /usr/lib/aarch64-linux-gnu/libOpenNI2.so;libusb::libusb)
[1.356s] -- Found Qhull version 8.0.2
[1.496s] -- OpenNI found (version: 1.5.4.0, include: /usr/include/ni, lib: /usr/lib/libOpenNI.so;libusb::libusb)
[1.619s] -- looking for PCL_COMMON
[1.620s] -- looking for PCL_KDTREE
[1.620s] -- looking for PCL_OCTREE
[1.620s] -- looking for PCL_SEARCH
[1.621s] -- looking for PCL_SAMPLE_CONSENSUS
[1.621s] -- looking for PCL_FILTERS
[1.621s] -- looking for PCL_2D
[1.622s] -- looking for PCL_GEOMETRY
[1.622s] -- looking for PCL_IO
[1.622s] -- looking for PCL_FEATURES
[1.623s] -- looking for PCL_ML
[1.623s] -- looking for PCL_SEGMENTATION
[1.623s] -- looking for PCL_VISUALIZATION
[1.624s] -- looking for PCL_SURFACE
[1.624s] -- looking for PCL_REGISTRATION
[1.625s] -- looking for PCL_KEYPOINTS
[1.625s] -- looking for PCL_TRACKING
[1.625s] -- looking for PCL_RECOGNITION
[1.626s] -- looking for PCL_STEREO
[1.626s] -- looking for PCL_APPS
[1.627s] -- looking for PCL_IN_HAND_SCANNER
[1.627s] -- looking for PCL_MODELER
[1.627s] -- looking for PCL_POINT_CLOUD_EDITOR
[1.628s] -- looking for PCL_OUTOFCORE
[1.628s] -- looking for PCL_PEOPLE
[1.631s] -- Found laser_geometry: 2.4.0 (/opt/ros/humble/share/laser_geometry/cmake)
[1.641s] -- Found pcl_conversions: 2.4.5 (/opt/ros/humble/share/pcl_conversions/cmake)
[1.668s] -- Found tf2_eigen: 0.25.13 (/opt/ros/humble/share/tf2_eigen/cmake)
[1.752s] -- Found visualization_msgs: 4.8.0 (/opt/ros/humble/share/visualization_msgs/cmake)
[1.783s] -- Found ament_lint_auto: 0.12.12 (/opt/ros/humble/share/ament_lint_auto/cmake)
[1.848s] -- Added test 'cppcheck' to perform static code analysis on C / C++ code
[1.849s] -- Configured cppcheck include dirs: /home/por/ros2_ws/src/Simple-2D-LiDAR-Odometry/include;$<BUILD_INTERFACE:/home/por/ros2_ws/src/Simple-2D-LiDAR-Odometry/include>
[1.849s] -- Configured cppcheck exclude dirs and/or files: 
[1.849s] -- Added test 'lint_cmake' to check CMake code style
[1.850s] -- Added test 'uncrustify' to check C / C++ code style
[1.850s] -- Configured uncrustify additional arguments: 
[1.851s] -- Added test 'xmllint' to check XML markup files
[1.852s] -- Configuring done
[1.895s] -- Generating done
[1.906s] -- Build files have been written to: /home/por/ros2_ws/build/lidar_odometry
[1.934s] [ 20%] Building CXX object CMakeFiles/qr_test_publisher.dir/src/qr_test_publisher.cpp.o
[1.944s] Consolidate compiler generated dependencies of target lidar_odometry_node
[2.040s] [ 80%] Built target lidar_odometry_node
[5.455s] [100%] Linking CXX executable qr_test_publisher
[5.610s] [100%] Built target qr_test_publisher
[5.620s] Invoked command in '/home/por/ros2_ws/build/lidar_odometry' returned '0': CMAKE_PREFIX_PATH=/opt/ros/humble /usr/bin/cmake --build /home/por/ros2_ws/build/lidar_odometry -- -j2 -l2
[5.628s] Invoking command in '/home/por/ros2_ws/build/lidar_odometry': CMAKE_PREFIX_PATH=/opt/ros/humble /usr/bin/cmake --install /home/por/ros2_ws/build/lidar_odometry
[5.633s] -- Install configuration: ""
[5.633s] -- Up-to-date: /home/por/ros2_ws/install/lidar_odometry/lib/lidar_odometry/lidar_odometry_node
[5.634s] -- Installing: /home/por/ros2_ws/install/lidar_odometry/lib/lidar_odometry/qr_test_publisher
[5.635s] -- Set runtime path of "/home/por/ros2_ws/install/lidar_odometry/lib/lidar_odometry/qr_test_publisher" to ""
[5.635s] -- Up-to-date: /home/por/ros2_ws/install/lidar_odometry/share/ament_index/resource_index/package_run_dependencies/lidar_odometry
[5.635s] -- Up-to-date: /home/por/ros2_ws/install/lidar_odometry/share/ament_index/resource_index/parent_prefix_path/lidar_odometry
[5.635s] -- Up-to-date: /home/por/ros2_ws/install/lidar_odometry/share/lidar_odometry/environment/ament_prefix_path.sh
[5.635s] -- Installing: /home/por/ros2_ws/install/lidar_odometry/share/lidar_odometry/environment/ament_prefix_path.dsv
[5.635s] -- Up-to-date: /home/por/ros2_ws/install/lidar_odometry/share/lidar_odometry/environment/path.sh
[5.635s] -- Installing: /home/por/ros2_ws/install/lidar_odometry/share/lidar_odometry/environment/path.dsv
[5.636s] -- Up-to-date: /home/por/ros2_ws/install/lidar_odometry/share/lidar_odometry/local_setup.bash
[5.636s] -- Up-to-date: /home/por/ros2_ws/install/lidar_odometry/share/lidar_odometry/local_setup.sh
[5.636s] -- Up-to-date: /home/por/ros2_ws/install/lidar_odometry/share/lidar_odometry/local_setup.zsh
[5.636s] -- Installing: /home/por/ros2_ws/install/lidar_odometry/share/lidar_odometry/local_setup.dsv
[5.636s] -- Installing: /home/por/ros2_ws/install/lidar_odometry/share/lidar_odometry/package.dsv
[5.636s] -- Up-to-date: /home/por/ros2_ws/install/lidar_odometry/share/ament_index/resource_index/packages/lidar_odometry
[5.636s] -- Up-to-date: /home/por/ros2_ws/install/lidar_odometry/share/lidar_odometry/cmake/lidar_odometryConfig.cmake
[5.637s] -- Up-to-date: /home/por/ros2_ws/install/lidar_odometry/share/lidar_odometry/cmake/lidar_odometryConfig-version.cmake
[5.637s] -- Up-to-date: /home/por/ros2_ws/install/lidar_odometry/share/lidar_odometry/package.xml
[5.638s] Invoked command in '/home/por/ros2_ws/build/lidar_odometry' returned '0': CMAKE_PREFIX_PATH=/opt/ros/humble /usr/bin/cmake --install /home/por/ros2_ws/build/lidar_odometry
