[0.015s] Invoking command in '/home/por/ros2_ws/build/lidar_odometry': CMAKE_PREFIX_PATH=/opt/ros/humble /usr/bin/cmake --build /home/por/ros2_ws/build/lidar_odometry -- -j2 -l2
[0.152s] [35m[1mConsolidate compiler generated dependencies of target lidar_odometry_node[0m
[0.234s] [ 33%] [32mBuilding CXX object CMakeFiles/lidar_odometry_node.dir/src/lidar_odometry_node.cpp.o[0m
[20.586s] [ 66%] [32m[1mLinking CXX executable lidar_odometry_node[0m
[22.263s] [100%] Built target lidar_odometry_node
[22.352s] Invoked command in '/home/por/ros2_ws/build/lidar_odometry' returned '0': CMAKE_PREFIX_PATH=/opt/ros/humble /usr/bin/cmake --build /home/por/ros2_ws/build/lidar_odometry -- -j2 -l2
[22.429s] Invoking command in '/home/por/ros2_ws/build/lidar_odometry': CMAKE_PREFIX_PATH=/opt/ros/humble /usr/bin/cmake --install /home/por/ros2_ws/build/lidar_odometry
[22.436s] -- Install configuration: ""
[22.437s] -- Installing: /home/por/ros2_ws/install/lidar_odometry/lib/lidar_odometry/lidar_odometry_node
[22.456s] -- Set runtime path of "/home/por/ros2_ws/install/lidar_odometry/lib/lidar_odometry/lidar_odometry_node" to ""
[22.456s] -- Up-to-date: /home/por/ros2_ws/install/lidar_odometry/share/ament_index/resource_index/package_run_dependencies/lidar_odometry
[22.457s] -- Up-to-date: /home/por/ros2_ws/install/lidar_odometry/share/ament_index/resource_index/parent_prefix_path/lidar_odometry
[22.457s] -- Up-to-date: /home/por/ros2_ws/install/lidar_odometry/share/lidar_odometry/environment/ament_prefix_path.sh
[22.457s] -- Up-to-date: /home/por/ros2_ws/install/lidar_odometry/share/lidar_odometry/environment/ament_prefix_path.dsv
[22.457s] -- Up-to-date: /home/por/ros2_ws/install/lidar_odometry/share/lidar_odometry/environment/path.sh
[22.457s] -- Up-to-date: /home/por/ros2_ws/install/lidar_odometry/share/lidar_odometry/environment/path.dsv
[22.457s] -- Up-to-date: /home/por/ros2_ws/install/lidar_odometry/share/lidar_odometry/local_setup.bash
[22.457s] -- Up-to-date: /home/por/ros2_ws/install/lidar_odometry/share/lidar_odometry/local_setup.sh
[22.457s] -- Up-to-date: /home/por/ros2_ws/install/lidar_odometry/share/lidar_odometry/local_setup.zsh
[22.458s] -- Up-to-date: /home/por/ros2_ws/install/lidar_odometry/share/lidar_odometry/local_setup.dsv
[22.458s] -- Installing: /home/por/ros2_ws/install/lidar_odometry/share/lidar_odometry/package.dsv
[22.459s] -- Up-to-date: /home/por/ros2_ws/install/lidar_odometry/share/ament_index/resource_index/packages/lidar_odometry
[22.459s] -- Up-to-date: /home/por/ros2_ws/install/lidar_odometry/share/lidar_odometry/cmake/lidar_odometryConfig.cmake
[22.459s] -- Up-to-date: /home/por/ros2_ws/install/lidar_odometry/share/lidar_odometry/cmake/lidar_odometryConfig-version.cmake
[22.459s] -- Up-to-date: /home/por/ros2_ws/install/lidar_odometry/share/lidar_odometry/package.xml
[22.468s] Invoked command in '/home/por/ros2_ws/build/lidar_odometry' returned '0': CMAKE_PREFIX_PATH=/opt/ros/humble /usr/bin/cmake --install /home/por/ros2_ws/build/lidar_odometry
