[0.005s] Invoking command in '/home/por/ros2_ws/build/lidar_odometry': CMAKE_PREFIX_PATH=${CMAKE_PREFIX_PATH}:/opt/ros/humble /usr/bin/cmake --build /home/por/ros2_ws/build/lidar_odometry -- -j2 -l2
[0.082s] Consolidate compiler generated dependencies of target lidar_odometry_node
[0.105s] [ 20%] Building CXX object CMakeFiles/lidar_odometry_node.dir/src/lidar_odometry_node.cpp.o
[40.107s] [ 40%] Building CXX object CMakeFiles/lidar_odometry_node.dir/src/lidar_odometry.cpp.o
[86.240s] [ 60%] Linking CXX executable lidar_odometry_node
[90.548s] [ 60%] Built target lidar_odometry_node
[90.583s] [100%] Built target qr_test_publisher
[90.601s] Invoked command in '/home/por/ros2_ws/build/lidar_odometry' returned '0': CMAKE_PREFIX_PATH=${CMAKE_PREFIX_PATH}:/opt/ros/humble /usr/bin/cmake --build /home/por/ros2_ws/build/lidar_odometry -- -j2 -l2
[90.609s] Invoking command in '/home/por/ros2_ws/build/lidar_odometry': CMAKE_PREFIX_PATH=${CMAKE_PREFIX_PATH}:/opt/ros/humble /usr/bin/cmake --install /home/por/ros2_ws/build/lidar_odometry
[90.615s] -- Install configuration: ""
[90.615s] -- Installing: /home/por/ros2_ws/install/lidar_odometry/lib/lidar_odometry/lidar_odometry_node
[90.640s] -- Set runtime path of "/home/por/ros2_ws/install/lidar_odometry/lib/lidar_odometry/lidar_odometry_node" to ""
[90.640s] -- Up-to-date: /home/por/ros2_ws/install/lidar_odometry/lib/lidar_odometry/qr_test_publisher
[90.657s] -- Up-to-date: /home/por/ros2_ws/install/lidar_odometry/share/ament_index/resource_index/package_run_dependencies/lidar_odometry
[90.657s] -- Up-to-date: /home/por/ros2_ws/install/lidar_odometry/share/ament_index/resource_index/parent_prefix_path/lidar_odometry
[90.657s] -- Up-to-date: /home/por/ros2_ws/install/lidar_odometry/share/lidar_odometry/environment/ament_prefix_path.sh
[90.657s] -- Up-to-date: /home/por/ros2_ws/install/lidar_odometry/share/lidar_odometry/environment/ament_prefix_path.dsv
[90.657s] -- Up-to-date: /home/por/ros2_ws/install/lidar_odometry/share/lidar_odometry/environment/path.sh
[90.658s] -- Up-to-date: /home/por/ros2_ws/install/lidar_odometry/share/lidar_odometry/environment/path.dsv
[90.658s] -- Up-to-date: /home/por/ros2_ws/install/lidar_odometry/share/lidar_odometry/local_setup.bash
[90.658s] -- Up-to-date: /home/por/ros2_ws/install/lidar_odometry/share/lidar_odometry/local_setup.sh
[90.658s] -- Up-to-date: /home/por/ros2_ws/install/lidar_odometry/share/lidar_odometry/local_setup.zsh
[90.658s] -- Up-to-date: /home/por/ros2_ws/install/lidar_odometry/share/lidar_odometry/local_setup.dsv
[90.658s] -- Installing: /home/por/ros2_ws/install/lidar_odometry/share/lidar_odometry/package.dsv
[90.659s] -- Up-to-date: /home/por/ros2_ws/install/lidar_odometry/share/ament_index/resource_index/packages/lidar_odometry
[90.659s] -- Up-to-date: /home/por/ros2_ws/install/lidar_odometry/share/lidar_odometry/cmake/lidar_odometryConfig.cmake
[90.659s] -- Up-to-date: /home/por/ros2_ws/install/lidar_odometry/share/lidar_odometry/cmake/lidar_odometryConfig-version.cmake
[90.659s] -- Up-to-date: /home/por/ros2_ws/install/lidar_odometry/share/lidar_odometry/package.xml
[90.662s] Invoked command in '/home/por/ros2_ws/build/lidar_odometry' returned '0': CMAKE_PREFIX_PATH=${CMAKE_PREFIX_PATH}:/opt/ros/humble /usr/bin/cmake --install /home/por/ros2_ws/build/lidar_odometry
