[ 40%] Built target qr_test_publisher
Consolidate compiler generated dependencies of target lidar_odometry_node
[ 60%] Building CXX object CMakeFiles/lidar_odometry_node.dir/src/lidar_odometry_node.cpp.o
[ 80%] Building CXX object CMakeFiles/lidar_odometry_node.dir/src/lidar_odometry.cpp.o
/home/por/ros2_ws/src/Simple-2D-LiDAR-Odometry/src/lidar_odometry.cpp: In member function ‘void LidarOdometry::compensate_for_terrain_inclination(pcl::PointCloud<pcl::PointXYZ>&)’:
/home/por/ros2_ws/src/Simple-2D-LiDAR-Odometry/src/lidar_odometry.cpp:203:21: warning: variable ‘gravity_sensor’ set but not used [-Wunused-but-set-variable]
  203 |     Eigen::Vector3d gravity_sensor = rotation_matrix.transpose() * gravity_world;
      |                     ^~~~~~~~~~~~~~
[100%] Linking CXX executable lidar_odometry_node
[100%] Built target lidar_odometry_node
-- Install configuration: ""
-- Installing: /home/por/ros2_ws/install/lidar_odometry/lib/lidar_odometry/lidar_odometry_node
-- Set runtime path of "/home/por/ros2_ws/install/lidar_odometry/lib/lidar_odometry/lidar_odometry_node" to ""
-- Up-to-date: /home/por/ros2_ws/install/lidar_odometry/lib/lidar_odometry/qr_test_publisher
-- Up-to-date: /home/por/ros2_ws/install/lidar_odometry/share/ament_index/resource_index/package_run_dependencies/lidar_odometry
-- Up-to-date: /home/por/ros2_ws/install/lidar_odometry/share/ament_index/resource_index/parent_prefix_path/lidar_odometry
-- Up-to-date: /home/por/ros2_ws/install/lidar_odometry/share/lidar_odometry/environment/ament_prefix_path.sh
-- Up-to-date: /home/por/ros2_ws/install/lidar_odometry/share/lidar_odometry/environment/ament_prefix_path.dsv
-- Up-to-date: /home/por/ros2_ws/install/lidar_odometry/share/lidar_odometry/environment/path.sh
-- Up-to-date: /home/por/ros2_ws/install/lidar_odometry/share/lidar_odometry/environment/path.dsv
-- Up-to-date: /home/por/ros2_ws/install/lidar_odometry/share/lidar_odometry/local_setup.bash
-- Up-to-date: /home/por/ros2_ws/install/lidar_odometry/share/lidar_odometry/local_setup.sh
-- Up-to-date: /home/por/ros2_ws/install/lidar_odometry/share/lidar_odometry/local_setup.zsh
-- Up-to-date: /home/por/ros2_ws/install/lidar_odometry/share/lidar_odometry/local_setup.dsv
-- Installing: /home/por/ros2_ws/install/lidar_odometry/share/lidar_odometry/package.dsv
-- Up-to-date: /home/por/ros2_ws/install/lidar_odometry/share/ament_index/resource_index/packages/lidar_odometry
-- Up-to-date: /home/por/ros2_ws/install/lidar_odometry/share/lidar_odometry/cmake/lidar_odometryConfig.cmake
-- Up-to-date: /home/por/ros2_ws/install/lidar_odometry/share/lidar_odometry/cmake/lidar_odometryConfig-version.cmake
-- Up-to-date: /home/por/ros2_ws/install/lidar_odometry/share/lidar_odometry/package.xml
