[0.005s] Invoking command in '/home/por/ros2_ws/build/lidar_odometry': CMAKE_PREFIX_PATH=/opt/ros/humble /usr/bin/cmake --build /home/por/ros2_ws/build/lidar_odometry -- -j2 -l2
[0.090s] [ 40%] Built target qr_test_publisher
[0.098s] Consolidate compiler generated dependencies of target lidar_odometry_node
[0.134s] [ 60%] Building CXX object CMakeFiles/lidar_odometry_node.dir/src/lidar_odometry.cpp.o
[0.136s] [ 80%] Building CXX object CMakeFiles/lidar_odometry_node.dir/src/lidar_odometry_node.cpp.o
[61.034s] [100%] Linking CXX executable lidar_odometry_node
[63.335s] [100%] Built target lidar_odometry_node
[63.414s] Invoked command in '/home/por/ros2_ws/build/lidar_odometry' returned '0': CMAKE_PREFIX_PATH=/opt/ros/humble /usr/bin/cmake --build /home/por/ros2_ws/build/lidar_odometry -- -j2 -l2
[63.490s] Invoking command in '/home/por/ros2_ws/build/lidar_odometry': CMAKE_PREFIX_PATH=/opt/ros/humble /usr/bin/cmake --install /home/por/ros2_ws/build/lidar_odometry
[63.504s] -- Install configuration: ""
[63.504s] -- Installing: /home/por/ros2_ws/install/lidar_odometry/lib/lidar_odometry/lidar_odometry_node
[63.516s] -- Set runtime path of "/home/por/ros2_ws/install/lidar_odometry/lib/lidar_odometry/lidar_odometry_node" to ""
[63.518s] -- Up-to-date: /home/por/ros2_ws/install/lidar_odometry/lib/lidar_odometry/qr_test_publisher
[63.518s] -- Up-to-date: /home/por/ros2_ws/install/lidar_odometry/share/ament_index/resource_index/package_run_dependencies/lidar_odometry
[63.518s] -- Up-to-date: /home/por/ros2_ws/install/lidar_odometry/share/ament_index/resource_index/parent_prefix_path/lidar_odometry
[63.519s] -- Up-to-date: /home/por/ros2_ws/install/lidar_odometry/share/lidar_odometry/environment/ament_prefix_path.sh
[63.519s] -- Up-to-date: /home/por/ros2_ws/install/lidar_odometry/share/lidar_odometry/environment/ament_prefix_path.dsv
[63.519s] -- Up-to-date: /home/por/ros2_ws/install/lidar_odometry/share/lidar_odometry/environment/path.sh
[63.519s] -- Up-to-date: /home/por/ros2_ws/install/lidar_odometry/share/lidar_odometry/environment/path.dsv
[63.520s] -- Up-to-date: /home/por/ros2_ws/install/lidar_odometry/share/lidar_odometry/local_setup.bash
[63.520s] -- Up-to-date: /home/por/ros2_ws/install/lidar_odometry/share/lidar_odometry/local_setup.sh
[63.520s] -- Up-to-date: /home/por/ros2_ws/install/lidar_odometry/share/lidar_odometry/local_setup.zsh
[63.520s] -- Up-to-date: /home/por/ros2_ws/install/lidar_odometry/share/lidar_odometry/local_setup.dsv
[63.520s] -- Installing: /home/por/ros2_ws/install/lidar_odometry/share/lidar_odometry/package.dsv
[63.520s] -- Up-to-date: /home/por/ros2_ws/install/lidar_odometry/share/ament_index/resource_index/packages/lidar_odometry
[63.520s] -- Up-to-date: /home/por/ros2_ws/install/lidar_odometry/share/lidar_odometry/cmake/lidar_odometryConfig.cmake
[63.520s] -- Up-to-date: /home/por/ros2_ws/install/lidar_odometry/share/lidar_odometry/cmake/lidar_odometryConfig-version.cmake
[63.521s] -- Up-to-date: /home/por/ros2_ws/install/lidar_odometry/share/lidar_odometry/package.xml
[63.527s] Invoked command in '/home/por/ros2_ws/build/lidar_odometry' returned '0': CMAKE_PREFIX_PATH=/opt/ros/humble /usr/bin/cmake --install /home/por/ros2_ws/build/lidar_odometry
