[0.220s] DEBUG:colcon:Command line arguments: ['/usr/bin/colcon', 'build']
[0.220s] DEBUG:colcon:Parsed command line arguments: Namespace(log_base=None, log_level=None, verb_name='build', build_base='build', install_base='install', merge_install=False, symlink_install=False, test_result_base=None, continue_on_error=False, executor='parallel', parallel_workers=2, event_handlers=None, ignore_user_meta=False, metas=['./colcon.meta'], base_paths=['.'], packages_ignore=None, packages_ignore_regex=None, paths=None, packages_up_to=None, packages_up_to_regex=None, packages_above=None, packages_above_and_dependencies=None, packages_above_depth=None, packages_select_by_dep=None, packages_skip_by_dep=None, packages_skip_up_to=None, packages_select_build_failed=False, packages_skip_build_finished=False, packages_select_test_failures=False, packages_skip_test_passed=False, packages_select=None, packages_skip=None, packages_select_regex=None, packages_skip_regex=None, packages_start=None, packages_end=None, allow_overriding=[], cmake_args=None, cmake_target=None, cmake_target_skip_unavailable=False, cmake_clean_cache=False, cmake_clean_first=False, cmake_force_configure=False, ament_cmake_args=None, catkin_cmake_args=None, catkin_skip_building_tests=False, verb_parser=<colcon_defaults.argument_parser.defaults.DefaultArgumentsDecorator object at 0xffff8c4dfbb0>, verb_extension=<colcon_core.verb.build.BuildVerb object at 0xffff8c4df6a0>, main=<bound method BuildVerb.main of <colcon_core.verb.build.BuildVerb object at 0xffff8c4df6a0>>)
[0.505s] Level 1:colcon.colcon_core.package_discovery:discover_packages(colcon_meta) check parameters
[0.506s] Level 1:colcon.colcon_core.package_discovery:discover_packages(recursive) check parameters
[0.507s] Level 1:colcon.colcon_core.package_discovery:discover_packages(ignore) check parameters
[0.507s] Level 1:colcon.colcon_core.package_discovery:discover_packages(path) check parameters
[0.507s] Level 1:colcon.colcon_core.package_discovery:discover_packages(colcon_meta) discover
[0.507s] Level 1:colcon.colcon_core.package_discovery:discover_packages(recursive) discover
[0.507s] INFO:colcon.colcon_core.package_discovery:Crawling recursively for packages in '/home/por/ros2_ws'
[0.512s] Level 1:colcon.colcon_core.package_identification:_identify(.) by extensions ['ignore', 'ignore_ament_install']
[0.512s] Level 1:colcon.colcon_core.package_identification:_identify(.) by extension 'ignore'
[0.512s] Level 1:colcon.colcon_core.package_identification:_identify(.) by extension 'ignore_ament_install'
[0.513s] Level 1:colcon.colcon_core.package_identification:_identify(.) by extensions ['colcon_pkg']
[0.513s] Level 1:colcon.colcon_core.package_identification:_identify(.) by extension 'colcon_pkg'
[0.513s] Level 1:colcon.colcon_core.package_identification:_identify(.) by extensions ['colcon_meta']
[0.513s] Level 1:colcon.colcon_core.package_identification:_identify(.) by extension 'colcon_meta'
[0.513s] Level 1:colcon.colcon_core.package_identification:_identify(.) by extensions ['ros']
[0.513s] Level 1:colcon.colcon_core.package_identification:_identify(.) by extension 'ros'
[0.564s] Level 1:colcon.colcon_core.package_identification:_identify(.) by extensions ['cmake', 'python']
[0.564s] Level 1:colcon.colcon_core.package_identification:_identify(.) by extension 'cmake'
[0.564s] Level 1:colcon.colcon_core.package_identification:_identify(.) by extension 'python'
[0.564s] Level 1:colcon.colcon_core.package_identification:_identify(.) by extensions ['python_setup_py']
[0.564s] Level 1:colcon.colcon_core.package_identification:_identify(.) by extension 'python_setup_py'
[0.564s] Level 1:colcon.colcon_core.package_identification:_identify(build) by extensions ['ignore', 'ignore_ament_install']
[0.564s] Level 1:colcon.colcon_core.package_identification:_identify(build) by extension 'ignore'
[0.564s] Level 1:colcon.colcon_core.package_identification:_identify(build) ignored
[0.565s] Level 1:colcon.colcon_core.package_identification:_identify(install) by extensions ['ignore', 'ignore_ament_install']
[0.565s] Level 1:colcon.colcon_core.package_identification:_identify(install) by extension 'ignore'
[0.565s] Level 1:colcon.colcon_core.package_identification:_identify(install) ignored
[0.565s] Level 1:colcon.colcon_core.package_identification:_identify(log) by extensions ['ignore', 'ignore_ament_install']
[0.565s] Level 1:colcon.colcon_core.package_identification:_identify(log) by extension 'ignore'
[0.565s] Level 1:colcon.colcon_core.package_identification:_identify(log) ignored
[0.565s] Level 1:colcon.colcon_core.package_identification:_identify(src) by extensions ['ignore', 'ignore_ament_install']
[0.565s] Level 1:colcon.colcon_core.package_identification:_identify(src) by extension 'ignore'
[0.565s] Level 1:colcon.colcon_core.package_identification:_identify(src) by extension 'ignore_ament_install'
[0.565s] Level 1:colcon.colcon_core.package_identification:_identify(src) by extensions ['colcon_pkg']
[0.565s] Level 1:colcon.colcon_core.package_identification:_identify(src) by extension 'colcon_pkg'
[0.565s] Level 1:colcon.colcon_core.package_identification:_identify(src) by extensions ['colcon_meta']
[0.565s] Level 1:colcon.colcon_core.package_identification:_identify(src) by extension 'colcon_meta'
[0.565s] Level 1:colcon.colcon_core.package_identification:_identify(src) by extensions ['ros']
[0.565s] Level 1:colcon.colcon_core.package_identification:_identify(src) by extension 'ros'
[0.565s] Level 1:colcon.colcon_core.package_identification:_identify(src) by extensions ['cmake', 'python']
[0.565s] Level 1:colcon.colcon_core.package_identification:_identify(src) by extension 'cmake'
[0.565s] Level 1:colcon.colcon_core.package_identification:_identify(src) by extension 'python'
[0.566s] Level 1:colcon.colcon_core.package_identification:_identify(src) by extensions ['python_setup_py']
[0.566s] Level 1:colcon.colcon_core.package_identification:_identify(src) by extension 'python_setup_py'
[0.566s] Level 1:colcon.colcon_core.package_identification:_identify(src/Simple-2D-LiDAR-Odometry) by extensions ['ignore', 'ignore_ament_install']
[0.566s] Level 1:colcon.colcon_core.package_identification:_identify(src/Simple-2D-LiDAR-Odometry) by extension 'ignore'
[0.582s] Level 1:colcon.colcon_core.package_identification:_identify(src/Simple-2D-LiDAR-Odometry) by extension 'ignore_ament_install'
[0.582s] Level 1:colcon.colcon_core.package_identification:_identify(src/Simple-2D-LiDAR-Odometry) by extensions ['colcon_pkg']
[0.582s] Level 1:colcon.colcon_core.package_identification:_identify(src/Simple-2D-LiDAR-Odometry) by extension 'colcon_pkg'
[0.582s] Level 1:colcon.colcon_core.package_identification:_identify(src/Simple-2D-LiDAR-Odometry) by extensions ['colcon_meta']
[0.582s] Level 1:colcon.colcon_core.package_identification:_identify(src/Simple-2D-LiDAR-Odometry) by extension 'colcon_meta'
[0.582s] Level 1:colcon.colcon_core.package_identification:_identify(src/Simple-2D-LiDAR-Odometry) by extensions ['ros']
[0.582s] Level 1:colcon.colcon_core.package_identification:_identify(src/Simple-2D-LiDAR-Odometry) by extension 'ros'
[0.586s] DEBUG:colcon.colcon_core.package_identification:Package 'src/Simple-2D-LiDAR-Odometry' with type 'ros.ament_cmake' and name 'lidar_odometry'
[0.586s] Level 1:colcon.colcon_core.package_identification:_identify(src/lidar_robot_simulation) by extensions ['ignore', 'ignore_ament_install']
[0.586s] Level 1:colcon.colcon_core.package_identification:_identify(src/lidar_robot_simulation) by extension 'ignore'
[0.586s] Level 1:colcon.colcon_core.package_identification:_identify(src/lidar_robot_simulation) by extension 'ignore_ament_install'
[0.586s] Level 1:colcon.colcon_core.package_identification:_identify(src/lidar_robot_simulation) by extensions ['colcon_pkg']
[0.586s] Level 1:colcon.colcon_core.package_identification:_identify(src/lidar_robot_simulation) by extension 'colcon_pkg'
[0.586s] Level 1:colcon.colcon_core.package_identification:_identify(src/lidar_robot_simulation) by extensions ['colcon_meta']
[0.586s] Level 1:colcon.colcon_core.package_identification:_identify(src/lidar_robot_simulation) by extension 'colcon_meta'
[0.586s] Level 1:colcon.colcon_core.package_identification:_identify(src/lidar_robot_simulation) by extensions ['ros']
[0.586s] Level 1:colcon.colcon_core.package_identification:_identify(src/lidar_robot_simulation) by extension 'ros'
[0.587s] DEBUG:colcon.colcon_core.package_identification:Package 'src/lidar_robot_simulation' with type 'ros.ament_cmake' and name 'lidar_robot_simulation'
[0.587s] Level 1:colcon.colcon_core.package_discovery:discover_packages(recursive) using defaults
[0.587s] Level 1:colcon.colcon_core.package_discovery:discover_packages(ignore) discover
[0.587s] Level 1:colcon.colcon_core.package_discovery:discover_packages(ignore) using defaults
[0.587s] Level 1:colcon.colcon_core.package_discovery:discover_packages(path) discover
[0.587s] Level 1:colcon.colcon_core.package_discovery:discover_packages(path) using defaults
[0.691s] Level 1:colcon.colcon_core.package_discovery:discover_packages(prefix_path) check parameters
[0.691s] Level 1:colcon.colcon_core.package_discovery:discover_packages(prefix_path) discover
[0.698s] DEBUG:colcon.colcon_installed_package_information.package_discovery:Found 2 installed packages in /home/por/ros2_ws/install
[0.700s] DEBUG:colcon.colcon_installed_package_information.package_discovery:Found 282 installed packages in /opt/ros/humble
[0.717s] Level 1:colcon.colcon_core.package_discovery:discover_packages(prefix_path) using defaults
[0.803s] Level 5:colcon.colcon_core.verb:set package 'lidar_odometry' build argument 'cmake_args' from command line to 'None'
[0.803s] Level 5:colcon.colcon_core.verb:set package 'lidar_odometry' build argument 'cmake_target' from command line to 'None'
[0.803s] Level 5:colcon.colcon_core.verb:set package 'lidar_odometry' build argument 'cmake_target_skip_unavailable' from command line to 'False'
[0.803s] Level 5:colcon.colcon_core.verb:set package 'lidar_odometry' build argument 'cmake_clean_cache' from command line to 'False'
[0.803s] Level 5:colcon.colcon_core.verb:set package 'lidar_odometry' build argument 'cmake_clean_first' from command line to 'False'
[0.803s] Level 5:colcon.colcon_core.verb:set package 'lidar_odometry' build argument 'cmake_force_configure' from command line to 'False'
[0.803s] Level 5:colcon.colcon_core.verb:set package 'lidar_odometry' build argument 'ament_cmake_args' from command line to 'None'
[0.803s] Level 5:colcon.colcon_core.verb:set package 'lidar_odometry' build argument 'catkin_cmake_args' from command line to 'None'
[0.803s] Level 5:colcon.colcon_core.verb:set package 'lidar_odometry' build argument 'catkin_skip_building_tests' from command line to 'False'
[0.803s] DEBUG:colcon.colcon_core.verb:Building package 'lidar_odometry' with the following arguments: {'ament_cmake_args': None, 'build_base': '/home/por/ros2_ws/build/lidar_odometry', 'catkin_cmake_args': None, 'catkin_skip_building_tests': False, 'cmake_args': None, 'cmake_clean_cache': False, 'cmake_clean_first': False, 'cmake_force_configure': False, 'cmake_target': None, 'cmake_target_skip_unavailable': False, 'install_base': '/home/por/ros2_ws/install/lidar_odometry', 'merge_install': False, 'path': '/home/por/ros2_ws/src/Simple-2D-LiDAR-Odometry', 'symlink_install': False, 'test_result_base': None}
[0.804s] Level 5:colcon.colcon_core.verb:set package 'lidar_robot_simulation' build argument 'cmake_args' from command line to 'None'
[0.804s] Level 5:colcon.colcon_core.verb:set package 'lidar_robot_simulation' build argument 'cmake_target' from command line to 'None'
[0.804s] Level 5:colcon.colcon_core.verb:set package 'lidar_robot_simulation' build argument 'cmake_target_skip_unavailable' from command line to 'False'
[0.804s] Level 5:colcon.colcon_core.verb:set package 'lidar_robot_simulation' build argument 'cmake_clean_cache' from command line to 'False'
[0.804s] Level 5:colcon.colcon_core.verb:set package 'lidar_robot_simulation' build argument 'cmake_clean_first' from command line to 'False'
[0.804s] Level 5:colcon.colcon_core.verb:set package 'lidar_robot_simulation' build argument 'cmake_force_configure' from command line to 'False'
[0.804s] Level 5:colcon.colcon_core.verb:set package 'lidar_robot_simulation' build argument 'ament_cmake_args' from command line to 'None'
[0.804s] Level 5:colcon.colcon_core.verb:set package 'lidar_robot_simulation' build argument 'catkin_cmake_args' from command line to 'None'
[0.804s] Level 5:colcon.colcon_core.verb:set package 'lidar_robot_simulation' build argument 'catkin_skip_building_tests' from command line to 'False'
[0.804s] DEBUG:colcon.colcon_core.verb:Building package 'lidar_robot_simulation' with the following arguments: {'ament_cmake_args': None, 'build_base': '/home/por/ros2_ws/build/lidar_robot_simulation', 'catkin_cmake_args': None, 'catkin_skip_building_tests': False, 'cmake_args': None, 'cmake_clean_cache': False, 'cmake_clean_first': False, 'cmake_force_configure': False, 'cmake_target': None, 'cmake_target_skip_unavailable': False, 'install_base': '/home/por/ros2_ws/install/lidar_robot_simulation', 'merge_install': False, 'path': '/home/por/ros2_ws/src/lidar_robot_simulation', 'symlink_install': False, 'test_result_base': None}
[0.804s] INFO:colcon.colcon_core.executor:Executing jobs using 'parallel' executor
[0.821s] DEBUG:colcon.colcon_parallel_executor.executor.parallel:run_until_complete
[0.821s] INFO:colcon.colcon_ros.task.ament_cmake.build:Building ROS package in '/home/por/ros2_ws/src/Simple-2D-LiDAR-Odometry' with build type 'ament_cmake'
[0.821s] INFO:colcon.colcon_cmake.task.cmake.build:Building CMake package in '/home/por/ros2_ws/src/Simple-2D-LiDAR-Odometry'
[0.823s] INFO:colcon.colcon_core.plugin_system:Skipping extension 'colcon_core.shell.bat': Not used on non-Windows systems
[0.823s] INFO:colcon.colcon_core.shell:Skip shell extension 'powershell' for command environment: Not usable outside of PowerShell
[0.823s] DEBUG:colcon.colcon_core.shell:Skip shell extension 'dsv' for command environment
[0.829s] INFO:colcon.colcon_ros.task.ament_cmake.build:Building ROS package in '/home/por/ros2_ws/src/lidar_robot_simulation' with build type 'ament_cmake'
[0.830s] INFO:colcon.colcon_cmake.task.cmake.build:Building CMake package in '/home/por/ros2_ws/src/lidar_robot_simulation'
[0.830s] INFO:colcon.colcon_core.shell:Skip shell extension 'powershell' for command environment: Not usable outside of PowerShell
[0.830s] DEBUG:colcon.colcon_core.shell:Skip shell extension 'dsv' for command environment
[0.846s] DEBUG:colcon.colcon_core.event_handler.log_command:Invoking command in '/home/por/ros2_ws/build/lidar_odometry': CMAKE_PREFIX_PATH=${CMAKE_PREFIX_PATH}:/opt/ros/humble /usr/bin/cmake --build /home/por/ros2_ws/build/lidar_odometry -- -j2 -l2
[0.876s] DEBUG:colcon.colcon_core.event_handler.log_command:Invoking command in '/home/por/ros2_ws/build/lidar_robot_simulation': CMAKE_PREFIX_PATH=${CMAKE_PREFIX_PATH}:/opt/ros/humble /usr/bin/cmake --build /home/por/ros2_ws/build/lidar_robot_simulation -- -j2 -l2
[0.945s] DEBUG:colcon.colcon_core.event_handler.log_command:Invoked command in '/home/por/ros2_ws/build/lidar_robot_simulation' returned '0': CMAKE_PREFIX_PATH=${CMAKE_PREFIX_PATH}:/opt/ros/humble /usr/bin/cmake --build /home/por/ros2_ws/build/lidar_robot_simulation -- -j2 -l2
[0.969s] DEBUG:colcon.colcon_core.event_handler.log_command:Invoking command in '/home/por/ros2_ws/build/lidar_robot_simulation': CMAKE_PREFIX_PATH=${CMAKE_PREFIX_PATH}:/opt/ros/humble /usr/bin/cmake --install /home/por/ros2_ws/build/lidar_robot_simulation
[0.980s] Level 1:colcon.colcon_core.environment:create_environment_scripts_only(lidar_robot_simulation)
[0.984s] DEBUG:colcon.colcon_core.event_handler.log_command:Invoked command in '/home/por/ros2_ws/build/lidar_robot_simulation' returned '0': CMAKE_PREFIX_PATH=${CMAKE_PREFIX_PATH}:/opt/ros/humble /usr/bin/cmake --install /home/por/ros2_ws/build/lidar_robot_simulation
[0.990s] Level 1:colcon.colcon_core.environment:checking '/home/por/ros2_ws/install/lidar_robot_simulation' for CMake module files
[0.990s] Level 1:colcon.colcon_core.environment:checking '/home/por/ros2_ws/install/lidar_robot_simulation' for CMake config files
[0.991s] Level 1:colcon.colcon_core.shell:create_environment_hook('lidar_robot_simulation', 'cmake_prefix_path')
[0.991s] INFO:colcon.colcon_core.shell:Creating environment hook '/home/por/ros2_ws/install/lidar_robot_simulation/share/lidar_robot_simulation/hook/cmake_prefix_path.ps1'
[0.992s] INFO:colcon.colcon_core.shell:Creating environment descriptor '/home/por/ros2_ws/install/lidar_robot_simulation/share/lidar_robot_simulation/hook/cmake_prefix_path.dsv'
[0.992s] INFO:colcon.colcon_core.shell:Creating environment hook '/home/por/ros2_ws/install/lidar_robot_simulation/share/lidar_robot_simulation/hook/cmake_prefix_path.sh'
[0.993s] Level 1:colcon.colcon_core.environment:checking '/home/por/ros2_ws/install/lidar_robot_simulation/bin'
[0.993s] Level 1:colcon.colcon_core.environment:checking '/home/por/ros2_ws/install/lidar_robot_simulation/lib/pkgconfig/lidar_robot_simulation.pc'
[0.993s] Level 1:colcon.colcon_core.environment:checking '/home/por/ros2_ws/install/lidar_robot_simulation/lib/python3.10/site-packages'
[0.993s] Level 1:colcon.colcon_core.environment:checking '/home/por/ros2_ws/install/lidar_robot_simulation/bin'
[0.994s] INFO:colcon.colcon_core.shell:Creating package script '/home/por/ros2_ws/install/lidar_robot_simulation/share/lidar_robot_simulation/package.ps1'
[0.994s] INFO:colcon.colcon_core.shell:Creating package descriptor '/home/por/ros2_ws/install/lidar_robot_simulation/share/lidar_robot_simulation/package.dsv'
[0.998s] INFO:colcon.colcon_core.shell:Creating package script '/home/por/ros2_ws/install/lidar_robot_simulation/share/lidar_robot_simulation/package.sh'
[1.020s] INFO:colcon.colcon_core.shell:Creating package script '/home/por/ros2_ws/install/lidar_robot_simulation/share/lidar_robot_simulation/package.bash'
[1.021s] INFO:colcon.colcon_core.shell:Creating package script '/home/por/ros2_ws/install/lidar_robot_simulation/share/lidar_robot_simulation/package.zsh'
[1.022s] Level 1:colcon.colcon_core.environment:create_file_with_runtime_dependencies(/home/por/ros2_ws/install/lidar_robot_simulation/share/colcon-core/packages/lidar_robot_simulation)
[1.023s] Level 1:colcon.colcon_core.environment:create_environment_scripts_only(lidar_robot_simulation)
[1.023s] Level 1:colcon.colcon_core.environment:checking '/home/por/ros2_ws/install/lidar_robot_simulation' for CMake module files
[1.023s] Level 1:colcon.colcon_core.environment:checking '/home/por/ros2_ws/install/lidar_robot_simulation' for CMake config files
[1.023s] Level 1:colcon.colcon_core.shell:create_environment_hook('lidar_robot_simulation', 'cmake_prefix_path')
[1.024s] INFO:colcon.colcon_core.shell:Creating environment hook '/home/por/ros2_ws/install/lidar_robot_simulation/share/lidar_robot_simulation/hook/cmake_prefix_path.ps1'
[1.024s] INFO:colcon.colcon_core.shell:Creating environment descriptor '/home/por/ros2_ws/install/lidar_robot_simulation/share/lidar_robot_simulation/hook/cmake_prefix_path.dsv'
[1.026s] INFO:colcon.colcon_core.shell:Creating environment hook '/home/por/ros2_ws/install/lidar_robot_simulation/share/lidar_robot_simulation/hook/cmake_prefix_path.sh'
[1.027s] Level 1:colcon.colcon_core.environment:checking '/home/por/ros2_ws/install/lidar_robot_simulation/bin'
[1.027s] Level 1:colcon.colcon_core.environment:checking '/home/por/ros2_ws/install/lidar_robot_simulation/lib/pkgconfig/lidar_robot_simulation.pc'
[1.027s] Level 1:colcon.colcon_core.environment:checking '/home/por/ros2_ws/install/lidar_robot_simulation/lib/python3.10/site-packages'
[1.027s] Level 1:colcon.colcon_core.environment:checking '/home/por/ros2_ws/install/lidar_robot_simulation/bin'
[1.027s] INFO:colcon.colcon_core.shell:Creating package script '/home/por/ros2_ws/install/lidar_robot_simulation/share/lidar_robot_simulation/package.ps1'
[1.028s] INFO:colcon.colcon_core.shell:Creating package descriptor '/home/por/ros2_ws/install/lidar_robot_simulation/share/lidar_robot_simulation/package.dsv'
[1.028s] INFO:colcon.colcon_core.shell:Creating package script '/home/por/ros2_ws/install/lidar_robot_simulation/share/lidar_robot_simulation/package.sh'
[1.037s] INFO:colcon.colcon_core.shell:Creating package script '/home/por/ros2_ws/install/lidar_robot_simulation/share/lidar_robot_simulation/package.bash'
[1.040s] INFO:colcon.colcon_core.shell:Creating package script '/home/por/ros2_ws/install/lidar_robot_simulation/share/lidar_robot_simulation/package.zsh'
[1.041s] Level 1:colcon.colcon_core.environment:create_file_with_runtime_dependencies(/home/por/ros2_ws/install/lidar_robot_simulation/share/colcon-core/packages/lidar_robot_simulation)
[134.281s] DEBUG:colcon.colcon_parallel_executor.executor.parallel:run_until_complete was interrupted
[134.282s] DEBUG:colcon.colcon_parallel_executor.executor.parallel:run_until_complete again
[134.324s] Level 1:colcon.colcon_core.environment:create_environment_scripts_only(lidar_odometry)
[134.332s] Level 1:colcon.colcon_core.environment:checking '/home/por/ros2_ws/install/lidar_odometry' for CMake module files
[134.333s] DEBUG:colcon.colcon_core.event_handler.log_command:Invoked command in '/home/por/ros2_ws/build/lidar_odometry' returned '-2': CMAKE_PREFIX_PATH=${CMAKE_PREFIX_PATH}:/opt/ros/humble /usr/bin/cmake --build /home/por/ros2_ws/build/lidar_odometry -- -j2 -l2
[134.335s] Level 1:colcon.colcon_core.environment:checking '/home/por/ros2_ws/install/lidar_odometry' for CMake config files
[134.335s] Level 1:colcon.colcon_core.shell:create_environment_hook('lidar_odometry', 'cmake_prefix_path')
[134.336s] INFO:colcon.colcon_core.shell:Creating environment hook '/home/por/ros2_ws/install/lidar_odometry/share/lidar_odometry/hook/cmake_prefix_path.ps1'
[134.337s] INFO:colcon.colcon_core.shell:Creating environment descriptor '/home/por/ros2_ws/install/lidar_odometry/share/lidar_odometry/hook/cmake_prefix_path.dsv'
[134.338s] INFO:colcon.colcon_core.shell:Creating environment hook '/home/por/ros2_ws/install/lidar_odometry/share/lidar_odometry/hook/cmake_prefix_path.sh'
[134.339s] Level 1:colcon.colcon_core.environment:checking '/home/por/ros2_ws/install/lidar_odometry/lib'
[134.340s] Level 1:colcon.colcon_core.environment:checking '/home/por/ros2_ws/install/lidar_odometry/bin'
[134.340s] Level 1:colcon.colcon_core.environment:checking '/home/por/ros2_ws/install/lidar_odometry/lib/pkgconfig/lidar_odometry.pc'
[134.340s] Level 1:colcon.colcon_core.environment:checking '/home/por/ros2_ws/install/lidar_odometry/lib/python3.10/site-packages'
[134.341s] Level 1:colcon.colcon_core.environment:checking '/home/por/ros2_ws/install/lidar_odometry/bin'
[134.341s] INFO:colcon.colcon_core.shell:Creating package script '/home/por/ros2_ws/install/lidar_odometry/share/lidar_odometry/package.ps1'
[134.341s] INFO:colcon.colcon_core.shell:Creating package descriptor '/home/por/ros2_ws/install/lidar_odometry/share/lidar_odometry/package.dsv'
[134.342s] INFO:colcon.colcon_core.shell:Creating package script '/home/por/ros2_ws/install/lidar_odometry/share/lidar_odometry/package.sh'
[134.342s] INFO:colcon.colcon_core.shell:Creating package script '/home/por/ros2_ws/install/lidar_odometry/share/lidar_odometry/package.bash'
[134.343s] INFO:colcon.colcon_core.shell:Creating package script '/home/por/ros2_ws/install/lidar_odometry/share/lidar_odometry/package.zsh'
[134.343s] Level 1:colcon.colcon_core.environment:create_file_with_runtime_dependencies(/home/por/ros2_ws/install/lidar_odometry/share/colcon-core/packages/lidar_odometry)
[134.354s] DEBUG:colcon.colcon_parallel_executor.executor.parallel:run_until_complete finished
[134.354s] DEBUG:colcon.colcon_parallel_executor.executor.parallel:closing loop
[134.355s] DEBUG:colcon.colcon_parallel_executor.executor.parallel:loop closed
[134.355s] DEBUG:colcon.colcon_core.event_reactor:joining thread
[134.374s] INFO:colcon.colcon_core.plugin_system:Skipping extension 'colcon_notification.desktop_notification.terminal_notifier': Not used on non-Darwin systems
[134.374s] INFO:colcon.colcon_core.plugin_system:Skipping extension 'colcon_notification.desktop_notification.win32': Not used on non-Windows systems
[134.374s] INFO:colcon.colcon_notification.desktop_notification:Sending desktop notification using 'notify2'
[134.466s] DEBUG:colcon.colcon_core.event_reactor:joined thread
[134.466s] INFO:colcon.colcon_core.shell:Creating prefix script '/home/por/ros2_ws/install/local_setup.ps1'
[134.474s] INFO:colcon.colcon_core.shell:Creating prefix util module '/home/por/ros2_ws/install/_local_setup_util_ps1.py'
[134.476s] INFO:colcon.colcon_core.shell:Creating prefix chain script '/home/por/ros2_ws/install/setup.ps1'
[134.478s] INFO:colcon.colcon_core.shell:Creating prefix script '/home/por/ros2_ws/install/local_setup.sh'
[134.478s] INFO:colcon.colcon_core.shell:Creating prefix util module '/home/por/ros2_ws/install/_local_setup_util_sh.py'
[134.479s] INFO:colcon.colcon_core.shell:Creating prefix chain script '/home/por/ros2_ws/install/setup.sh'
[134.495s] INFO:colcon.colcon_core.shell:Creating prefix script '/home/por/ros2_ws/install/local_setup.bash'
[134.496s] INFO:colcon.colcon_core.shell:Creating prefix chain script '/home/por/ros2_ws/install/setup.bash'
[134.497s] INFO:colcon.colcon_core.shell:Creating prefix script '/home/por/ros2_ws/install/local_setup.zsh'
[134.498s] INFO:colcon.colcon_core.shell:Creating prefix chain script '/home/por/ros2_ws/install/setup.zsh'
