[0.007s] Invoking command in '/home/por/ros2_ws/build/lidar_odometry': CMAKE_PREFIX_PATH=/opt/ros/humble /usr/bin/cmake /home/por/ros2_ws/src/Simple-2D-LiDAR-Odometry -DCMAKE_INSTALL_PREFIX=/home/por/ros2_ws/install/lidar_odometry
[0.233s] -- The C compiler identification is GNU 11.4.0
[0.358s] -- The CXX compiler identification is GNU 11.4.0
[0.367s] -- Detecting C compiler ABI info
[0.432s] -- Detecting C compiler ABI info - done
[0.439s] -- Check for working C compiler: /usr/bin/cc - skipped
[0.439s] -- Detecting C compile features
[0.440s] -- Detecting C compile features - done
[0.443s] -- Detecting CXX compiler ABI info
[0.503s] -- Detecting CXX compiler ABI info - done
[0.509s] -- Check for working CXX compiler: /usr/bin/c++ - skipped
[0.509s] -- Detecting CXX compile features
[0.510s] -- Detecting CXX compile features - done
[0.514s] -- Found ament_cmake: 1.3.11 (/opt/ros/humble/share/ament_cmake/cmake)
[0.635s] -- Found Python3: /usr/bin/python3 (found version "3.10.12") found components: Interpreter 
[0.706s] -- Found rclcpp: 16.0.12 (/opt/ros/humble/share/rclcpp/cmake)
[0.743s] -- Found rosidl_generator_c: 3.1.6 (/opt/ros/humble/share/rosidl_generator_c/cmake)
[0.748s] -- Found rosidl_adapter: 3.1.6 (/opt/ros/humble/share/rosidl_adapter/cmake)
[0.755s] -- Found rosidl_generator_cpp: 3.1.6 (/opt/ros/humble/share/rosidl_generator_cpp/cmake)
[0.765s] -- Using all available rosidl_typesupport_c: rosidl_typesupport_fastrtps_c;rosidl_typesupport_introspection_c
[0.779s] -- Using all available rosidl_typesupport_cpp: rosidl_typesupport_fastrtps_cpp;rosidl_typesupport_introspection_cpp
[0.815s] -- Found rmw_implementation_cmake: 6.1.2 (/opt/ros/humble/share/rmw_implementation_cmake/cmake)
[0.818s] -- Found rmw_fastrtps_cpp: 6.2.7 (/opt/ros/humble/share/rmw_fastrtps_cpp/cmake)
[0.891s] -- Found OpenSSL: /usr/lib/aarch64-linux-gnu/libcrypto.so (found version "3.0.2")  
[0.915s] -- Found FastRTPS: /opt/ros/humble/include  
[0.951s] -- Using RMW implementation 'rmw_fastrtps_cpp' as default
[0.960s] -- Looking for pthread.h
[1.019s] -- Looking for pthread.h - found
[1.020s] -- Performing Test CMAKE_HAVE_LIBC_PTHREAD
[1.072s] -- Performing Test CMAKE_HAVE_LIBC_PTHREAD - Success
[1.073s] -- Found Threads: TRUE  
[1.121s] -- Found sensor_msgs: 4.8.0 (/opt/ros/humble/share/sensor_msgs/cmake)
[1.151s] -- Found nav_msgs: 4.8.0 (/opt/ros/humble/share/nav_msgs/cmake)
[1.176s] -- Checking for module 'eigen3'
[1.183s] --   Found eigen3, version 3.4.0
[1.200s] -- Found Eigen: /usr/include/eigen3 (Required is at least version "3.1") 
[1.200s] -- Eigen found (include: /usr/include/eigen3, version: 3.4.0)
[1.221s] -- Found Boost: /usr/lib/aarch64-linux-gnu/cmake/Boost-1.74.0/BoostConfig.cmake (found suitable version "1.74.0", minimum required is "1.65.0") found components: system filesystem date_time iostreams serialization 
[1.240s] -- Checking for module 'flann'
[1.254s] --   Found flann, version 1.9.1
[1.283s] -- Found FLANN: /usr/lib/aarch64-linux-gnu/libflann_cpp.so  
[1.283s] -- FLANN found (include: /usr/include, lib: /usr/lib/aarch64-linux-gnu/libflann_cpp.so)
[1.320s] -- Found GLEW: /usr/lib/aarch64-linux-gnu/libGLEW.so  
[1.324s] -- Found OpenGL: /usr/lib/aarch64-linux-gnu/libOpenGL.so  found components: OpenGL GLX 
[1.472s] -- Found MPI_C: /usr/lib/aarch64-linux-gnu/libmpi.so (found version "3.1") 
[1.472s] -- Found MPI: TRUE (found version "3.1") found components: C 
[1.475s] -- Found JsonCpp: /usr/lib/aarch64-linux-gnu/libjsoncpp.so (found suitable version "1.9.5", minimum required is "0.7.0") 
[1.484s] -- Found ZLIB: /usr/lib/aarch64-linux-gnu/libz.so (found version "1.2.11") 
[1.500s] -- Found PNG: /usr/lib/aarch64-linux-gnu/libpng.so (found version "1.6.37") 
[1.522s] -- Found Eigen3: /usr/include/eigen3 (found version "3.4.0") 
[1.587s] -- Found X11: /usr/include   
[1.587s] -- Looking for XOpenDisplay in /usr/lib/aarch64-linux-gnu/libX11.so;/usr/lib/aarch64-linux-gnu/libXext.so
[1.641s] -- Looking for XOpenDisplay in /usr/lib/aarch64-linux-gnu/libX11.so;/usr/lib/aarch64-linux-gnu/libXext.so - found
[1.641s] -- Looking for gethostbyname
[1.688s] -- Looking for gethostbyname - found
[1.688s] -- Looking for connect
[1.731s] -- Looking for connect - found
[1.732s] -- Looking for remove
[1.779s] -- Looking for remove - found
[1.780s] -- Looking for shmat
[1.823s] -- Looking for shmat - found
[1.823s] -- Looking for IceConnectionNumber in ICE
[1.872s] -- Looking for IceConnectionNumber in ICE - found
[1.920s] -- Found EXPAT: /usr/lib/aarch64-linux-gnu/libexpat.so (found version "2.4.7") 
[1.922s] -- Found double-conversion: /usr/lib/aarch64-linux-gnu/libdouble-conversion.so  
[1.925s] -- Found LZ4: /usr/lib/aarch64-linux-gnu/liblz4.so (found version "1.9.3") 
[1.926s] -- Found LZMA: /usr/lib/aarch64-linux-gnu/liblzma.so (found version "5.2.5") 
[1.962s] -- Found JPEG: /usr/lib/aarch64-linux-gnu/libjpeg.so (found version "80") 
[1.967s] -- Found TIFF: /usr/lib/aarch64-linux-gnu/libtiff.so (found version "4.3.0")  
[1.971s] -- Found Freetype: /usr/lib/aarch64-linux-gnu/libfreetype.so (found version "2.11.1") 
[1.976s] -- Found utf8cpp: /usr/include/utf8cpp  
[2.037s] -- Checking for module 'libusb-1.0'
[2.047s] --   Found libusb-1.0, version 1.0.25
[2.064s] -- Found libusb: /usr/lib/aarch64-linux-gnu/libusb-1.0.so  
[2.065s] -- Found OpenNI: /usr/lib/libOpenNI.so;libusb::libusb (found version "1.5.4.0") 
[2.066s] -- OpenNI found (version: 1.5.4.0, include: /usr/include/ni, lib: /usr/lib/libOpenNI.so;libusb::libusb)
[2.094s] -- Found OpenNI2: /usr/lib/aarch64-linux-gnu/libOpenNI2.so;libusb::libusb (found version "2.2.0.33") 
[2.094s] -- OpenNI2 found (version: 2.2.0.33, include: /usr/include/openni2, lib: /usr/lib/aarch64-linux-gnu/libOpenNI2.so;libusb::libusb)
[2.094s] [0m** WARNING ** io features related to pcap will be disabled[0m
[2.228s] -- Eigen found (include: /usr/include/eigen3, version: 3.4.0)
[2.238s] -- OpenNI found (version: 1.5.4.0, include: /usr/include/ni, lib: /usr/lib/libOpenNI.so;libusb::libusb)
[2.242s] -- OpenNI2 found (version: 2.2.0.33, include: /usr/include/openni2, lib: /usr/lib/aarch64-linux-gnu/libOpenNI2.so;libusb::libusb)
[2.369s] -- Found Qhull version 8.0.2
[2.499s] -- OpenNI found (version: 1.5.4.0, include: /usr/include/ni, lib: /usr/lib/libOpenNI.so;libusb::libusb)
[2.627s] -- looking for PCL_COMMON
[2.627s] -- Found PCL_COMMON: /usr/lib/aarch64-linux-gnu/libpcl_common.so  
[2.627s] -- looking for PCL_KDTREE
[2.628s] -- Found PCL_KDTREE: /usr/lib/aarch64-linux-gnu/libpcl_kdtree.so  
[2.628s] -- looking for PCL_OCTREE
[2.629s] -- Found PCL_OCTREE: /usr/lib/aarch64-linux-gnu/libpcl_octree.so  
[2.629s] -- looking for PCL_SEARCH
[2.629s] -- Found PCL_SEARCH: /usr/lib/aarch64-linux-gnu/libpcl_search.so  
[2.630s] -- looking for PCL_SAMPLE_CONSENSUS
[2.630s] -- Found PCL_SAMPLE_CONSENSUS: /usr/lib/aarch64-linux-gnu/libpcl_sample_consensus.so  
[2.630s] -- looking for PCL_FILTERS
[2.631s] -- Found PCL_FILTERS: /usr/lib/aarch64-linux-gnu/libpcl_filters.so  
[2.631s] -- looking for PCL_2D
[2.631s] -- Found PCL_2D: /usr/include/pcl-1.12  
[2.631s] -- looking for PCL_GEOMETRY
[2.631s] -- Found PCL_GEOMETRY: /usr/include/pcl-1.12  
[2.632s] -- looking for PCL_IO
[2.632s] -- Found PCL_IO: /usr/lib/aarch64-linux-gnu/libpcl_io.so  
[2.632s] -- looking for PCL_FEATURES
[2.634s] -- Found PCL_FEATURES: /usr/lib/aarch64-linux-gnu/libpcl_features.so  
[2.634s] -- looking for PCL_ML
[2.634s] -- Found PCL_ML: /usr/lib/aarch64-linux-gnu/libpcl_ml.so  
[2.634s] -- looking for PCL_SEGMENTATION
[2.635s] -- Found PCL_SEGMENTATION: /usr/lib/aarch64-linux-gnu/libpcl_segmentation.so  
[2.635s] -- looking for PCL_VISUALIZATION
[2.636s] -- Found PCL_VISUALIZATION: /usr/lib/aarch64-linux-gnu/libpcl_visualization.so  
[2.636s] -- looking for PCL_SURFACE
[2.636s] -- Found PCL_SURFACE: /usr/lib/aarch64-linux-gnu/libpcl_surface.so  
[2.637s] -- looking for PCL_REGISTRATION
[2.637s] -- Found PCL_REGISTRATION: /usr/lib/aarch64-linux-gnu/libpcl_registration.so  
[2.637s] -- looking for PCL_KEYPOINTS
[2.638s] -- Found PCL_KEYPOINTS: /usr/lib/aarch64-linux-gnu/libpcl_keypoints.so  
[2.638s] -- looking for PCL_TRACKING
[2.639s] -- Found PCL_TRACKING: /usr/lib/aarch64-linux-gnu/libpcl_tracking.so  
[2.639s] -- looking for PCL_RECOGNITION
[2.640s] -- Found PCL_RECOGNITION: /usr/lib/aarch64-linux-gnu/libpcl_recognition.so  
[2.640s] -- looking for PCL_STEREO
[2.640s] -- Found PCL_STEREO: /usr/lib/aarch64-linux-gnu/libpcl_stereo.so  
[2.641s] -- looking for PCL_APPS
[2.641s] -- Found PCL_APPS: /usr/lib/aarch64-linux-gnu/libpcl_apps.so  
[2.642s] -- looking for PCL_IN_HAND_SCANNER
[2.642s] -- Found PCL_IN_HAND_SCANNER: /usr/include/pcl-1.12  
[2.642s] -- looking for PCL_MODELER
[2.642s] -- Found PCL_MODELER: /usr/include/pcl-1.12  
[2.642s] -- looking for PCL_POINT_CLOUD_EDITOR
[2.643s] -- Found PCL_POINT_CLOUD_EDITOR: /usr/include/pcl-1.12  
[2.643s] -- looking for PCL_OUTOFCORE
[2.643s] -- Found PCL_OUTOFCORE: /usr/lib/aarch64-linux-gnu/libpcl_outofcore.so  
[2.643s] -- looking for PCL_PEOPLE
[2.644s] -- Found PCL_PEOPLE: /usr/lib/aarch64-linux-gnu/libpcl_people.so  
[2.645s] -- Found PCL: pcl_common;pcl_kdtree;pcl_octree;pcl_search;pcl_sample_consensus;pcl_filters;pcl_io;pcl_features;pcl_ml;pcl_segmentation;pcl_visualization;pcl_surface;pcl_registration;pcl_keypoints;pcl_tracking;pcl_recognition;pcl_stereo;pcl_apps;pcl_outofcore;pcl_people;Boost::system;Boost::filesystem;Boost::date_time;Boost::iostreams;Boost::serialization;/usr/lib/libOpenNI.so;libusb::libusb;/usr/lib/aarch64-linux-gnu/libOpenNI2.so;libusb::libusb;VTK::ChartsCore;VTK::CommonColor;VTK::CommonComputationalGeometry;VTK::CommonCore;VTK::CommonDataModel;VTK::CommonExecutionModel;VTK::CommonMath;VTK::CommonMisc;VTK::CommonTransforms;VTK::FiltersCore;VTK::FiltersExtraction;VTK::FiltersGeneral;VTK::FiltersGeometry;VTK::FiltersModeling;VTK::FiltersSources;VTK::ImagingCore;VTK::ImagingSources;VTK::InteractionImage;VTK::InteractionStyle;VTK::InteractionWidgets;VTK::IOCore;VTK::IOGeometry;VTK::IOImage;VTK::IOLegacy;VTK::IOPLY;VTK::RenderingAnnotation;VTK::RenderingCore;VTK::RenderingContext2D;VTK::RenderingLOD;VTK::RenderingFreeType;VTK::ViewsCore;VTK::ViewsContext2D;VTK::RenderingOpenGL2;VTK::GUISupportQt;FLANN::FLANN;QHULL::QHULL  
[2.657s] -- Found laser_geometry: 2.4.0 (/opt/ros/humble/share/laser_geometry/cmake)
[2.674s] -- Found pcl_conversions: 2.4.5 (/opt/ros/humble/share/pcl_conversions/cmake)
[2.700s] -- Found tf2_eigen: 0.25.13 (/opt/ros/humble/share/tf2_eigen/cmake)
[2.793s] -- Found ament_lint_auto: 0.12.12 (/opt/ros/humble/share/ament_lint_auto/cmake)
[2.862s] -- Added test 'cppcheck' to perform static code analysis on C / C++ code
[2.863s] -- Configured cppcheck include dirs: /home/por/ros2_ws/src/Simple-2D-LiDAR-Odometry/include;$<BUILD_INTERFACE:/home/por/ros2_ws/src/Simple-2D-LiDAR-Odometry/include>
[2.863s] -- Configured cppcheck exclude dirs and/or files: 
[2.864s] -- Added test 'lint_cmake' to check CMake code style
[2.866s] -- Added test 'uncrustify' to check C / C++ code style
[2.866s] -- Configured uncrustify additional arguments: 
[2.867s] -- Added test 'xmllint' to check XML markup files
[2.867s] -- Configuring done
[2.917s] -- Generating done
[2.927s] -- Build files have been written to: /home/por/ros2_ws/build/lidar_odometry
[2.958s] Invoked command in '/home/por/ros2_ws/build/lidar_odometry' returned '0': CMAKE_PREFIX_PATH=/opt/ros/humble /usr/bin/cmake /home/por/ros2_ws/src/Simple-2D-LiDAR-Odometry -DCMAKE_INSTALL_PREFIX=/home/por/ros2_ws/install/lidar_odometry
[2.959s] Invoking command in '/home/por/ros2_ws/build/lidar_odometry': CMAKE_PREFIX_PATH=/opt/ros/humble /usr/bin/cmake --build /home/por/ros2_ws/build/lidar_odometry -- -j2 -l2
[2.995s] [ 33%] [32mBuilding CXX object CMakeFiles/lidar_odometry_node.dir/src/lidar_odometry_node.cpp.o[0m
[2.996s] [ 66%] [32mBuilding CXX object CMakeFiles/lidar_odometry_node.dir/src/lidar_odometry.cpp.o[0m
[36.652s] [100%] [32m[1mLinking CXX executable lidar_odometry_node[0m
[38.282s] [100%] Built target lidar_odometry_node
[38.357s] Invoked command in '/home/por/ros2_ws/build/lidar_odometry' returned '0': CMAKE_PREFIX_PATH=/opt/ros/humble /usr/bin/cmake --build /home/por/ros2_ws/build/lidar_odometry -- -j2 -l2
[38.431s] Invoking command in '/home/por/ros2_ws/build/lidar_odometry': CMAKE_PREFIX_PATH=/opt/ros/humble /usr/bin/cmake --install /home/por/ros2_ws/build/lidar_odometry
[38.431s] -- Install configuration: ""
[38.432s] -- Installing: /home/por/ros2_ws/install/lidar_odometry/lib/lidar_odometry/lidar_odometry_node
[38.439s] -- Set runtime path of "/home/por/ros2_ws/install/lidar_odometry/lib/lidar_odometry/lidar_odometry_node" to ""
[38.439s] -- Installing: /home/por/ros2_ws/install/lidar_odometry/share/ament_index/resource_index/package_run_dependencies/lidar_odometry
[38.440s] -- Installing: /home/por/ros2_ws/install/lidar_odometry/share/ament_index/resource_index/parent_prefix_path/lidar_odometry
[38.442s] -- Installing: /home/por/ros2_ws/install/lidar_odometry/share/lidar_odometry/environment/ament_prefix_path.sh
[38.443s] -- Installing: /home/por/ros2_ws/install/lidar_odometry/share/lidar_odometry/environment/ament_prefix_path.dsv
[38.443s] -- Installing: /home/por/ros2_ws/install/lidar_odometry/share/lidar_odometry/environment/path.sh
[38.443s] -- Installing: /home/por/ros2_ws/install/lidar_odometry/share/lidar_odometry/environment/path.dsv
[38.444s] -- Installing: /home/por/ros2_ws/install/lidar_odometry/share/lidar_odometry/local_setup.bash
[38.444s] -- Installing: /home/por/ros2_ws/install/lidar_odometry/share/lidar_odometry/local_setup.sh
[38.444s] -- Installing: /home/por/ros2_ws/install/lidar_odometry/share/lidar_odometry/local_setup.zsh
[38.444s] -- Installing: /home/por/ros2_ws/install/lidar_odometry/share/lidar_odometry/local_setup.dsv
[38.445s] -- Installing: /home/por/ros2_ws/install/lidar_odometry/share/lidar_odometry/package.dsv
[38.445s] -- Installing: /home/por/ros2_ws/install/lidar_odometry/share/ament_index/resource_index/packages/lidar_odometry
[38.445s] -- Installing: /home/por/ros2_ws/install/lidar_odometry/share/lidar_odometry/cmake/lidar_odometryConfig.cmake
[38.446s] -- Installing: /home/por/ros2_ws/install/lidar_odometry/share/lidar_odometry/cmake/lidar_odometryConfig-version.cmake
[38.446s] -- Installing: /home/por/ros2_ws/install/lidar_odometry/share/lidar_odometry/package.xml
[38.458s] Invoked command in '/home/por/ros2_ws/build/lidar_odometry' returned '0': CMAKE_PREFIX_PATH=/opt/ros/humble /usr/bin/cmake --install /home/por/ros2_ws/build/lidar_odometry
