[0.008s] Invoking command in '/home/por/ros2_ws/build/lidar_robot_simulation': CMAKE_PREFIX_PATH=/opt/ros/humble /usr/bin/cmake /home/por/ros2_ws/src/lidar_robot_simulation -DCMAKE_INSTALL_PREFIX=/home/por/ros2_ws/install/lidar_robot_simulation
[0.258s] -- The C compiler identification is GNU 11.4.0
[0.379s] -- The CXX compiler identification is GNU 11.4.0
[0.386s] -- Detecting C compiler ABI info
[0.452s] -- Detecting C compiler ABI info - done
[0.459s] -- Check for working C compiler: /usr/bin/cc - skipped
[0.459s] -- Detecting C compile features
[0.460s] -- Detecting C compile features - done
[0.463s] -- Detecting CXX compiler ABI info
[0.575s] -- Detecting CXX compiler ABI info - done
[0.577s] -- Check for working CXX compiler: /usr/bin/c++ - skipped
[0.578s] -- Detecting CXX compile features
[0.579s] -- Detecting CXX compile features - done
[0.586s] -- Found ament_cmake: 1.3.11 (/opt/ros/humble/share/ament_cmake/cmake)
[0.755s] -- Found Python3: /usr/bin/python3 (found version "3.10.12") found components: Interpreter 
[0.829s] -- Found ament_lint_auto: 0.12.12 (/opt/ros/humble/share/ament_lint_auto/cmake)
[0.898s] -- Added test 'flake8' to check Python code syntax and style conventions
[0.898s] -- Added test 'lint_cmake' to check CMake code style
[0.899s] -- Added test 'pep257' to check Python code against some of the docstring style conventions in PEP 257
[0.900s] -- Added test 'xmllint' to check XML markup files
[0.902s] -- Configuring done
[0.905s] -- Generating done
[0.908s] -- Build files have been written to: /home/por/ros2_ws/build/lidar_robot_simulation
[0.913s] Invoked command in '/home/por/ros2_ws/build/lidar_robot_simulation' returned '0': CMAKE_PREFIX_PATH=/opt/ros/humble /usr/bin/cmake /home/por/ros2_ws/src/lidar_robot_simulation -DCMAKE_INSTALL_PREFIX=/home/por/ros2_ws/install/lidar_robot_simulation
[0.914s] Invoking command in '/home/por/ros2_ws/build/lidar_robot_simulation': CMAKE_PREFIX_PATH=/opt/ros/humble /usr/bin/cmake --build /home/por/ros2_ws/build/lidar_robot_simulation -- -j2 -l2
[0.936s] Invoked command in '/home/por/ros2_ws/build/lidar_robot_simulation' returned '0': CMAKE_PREFIX_PATH=/opt/ros/humble /usr/bin/cmake --build /home/por/ros2_ws/build/lidar_robot_simulation -- -j2 -l2
[0.942s] Invoking command in '/home/por/ros2_ws/build/lidar_robot_simulation': CMAKE_PREFIX_PATH=/opt/ros/humble /usr/bin/cmake --install /home/por/ros2_ws/build/lidar_robot_simulation
[0.946s] -- Install configuration: ""
[0.946s] -- Installing: /home/por/ros2_ws/install/lidar_robot_simulation/share/lidar_robot_simulation//launch
[0.946s] -- Installing: /home/por/ros2_ws/install/lidar_robot_simulation/share/lidar_robot_simulation//launch/complete_simulation.launch.py
[0.946s] -- Installing: /home/por/ros2_ws/install/lidar_robot_simulation/share/lidar_robot_simulation//launch/gazebo_simulation.launch.py
[0.946s] -- Installing: /home/por/ros2_ws/install/lidar_robot_simulation/share/lidar_robot_simulation//urdf
[0.946s] -- Installing: /home/por/ros2_ws/install/lidar_robot_simulation/share/lidar_robot_simulation//urdf/lidar_robot.urdf.xacro
[0.946s] -- Installing: /home/por/ros2_ws/install/lidar_robot_simulation/share/lidar_robot_simulation//worlds
[0.946s] -- Installing: /home/por/ros2_ws/install/lidar_robot_simulation/share/lidar_robot_simulation//worlds/simple_world.world
[0.946s] -- Installing: /home/por/ros2_ws/install/lidar_robot_simulation/share/lidar_robot_simulation//config
[0.946s] -- Installing: /home/por/ros2_ws/install/lidar_robot_simulation/share/lidar_robot_simulation//config/robot_view.rviz
[0.946s] -- Installing: /home/por/ros2_ws/install/lidar_robot_simulation/share/ament_index/resource_index/package_run_dependencies/lidar_robot_simulation
[0.946s] -- Installing: /home/por/ros2_ws/install/lidar_robot_simulation/share/ament_index/resource_index/parent_prefix_path/lidar_robot_simulation
[0.947s] -- Installing: /home/por/ros2_ws/install/lidar_robot_simulation/share/lidar_robot_simulation/environment/ament_prefix_path.sh
[0.947s] -- Installing: /home/por/ros2_ws/install/lidar_robot_simulation/share/lidar_robot_simulation/environment/ament_prefix_path.dsv
[0.947s] -- Installing: /home/por/ros2_ws/install/lidar_robot_simulation/share/lidar_robot_simulation/environment/path.sh
[0.947s] -- Installing: /home/por/ros2_ws/install/lidar_robot_simulation/share/lidar_robot_simulation/environment/path.dsv
[0.947s] -- Installing: /home/por/ros2_ws/install/lidar_robot_simulation/share/lidar_robot_simulation/local_setup.bash
[0.947s] -- Installing: /home/por/ros2_ws/install/lidar_robot_simulation/share/lidar_robot_simulation/local_setup.sh
[0.947s] -- Installing: /home/por/ros2_ws/install/lidar_robot_simulation/share/lidar_robot_simulation/local_setup.zsh
[0.947s] -- Installing: /home/por/ros2_ws/install/lidar_robot_simulation/share/lidar_robot_simulation/local_setup.dsv
[0.948s] -- Installing: /home/por/ros2_ws/install/lidar_robot_simulation/share/lidar_robot_simulation/package.dsv
[0.948s] -- Installing: /home/por/ros2_ws/install/lidar_robot_simulation/share/ament_index/resource_index/packages/lidar_robot_simulation
[0.948s] -- Installing: /home/por/ros2_ws/install/lidar_robot_simulation/share/lidar_robot_simulation/cmake/lidar_robot_simulationConfig.cmake
[0.948s] -- Installing: /home/por/ros2_ws/install/lidar_robot_simulation/share/lidar_robot_simulation/cmake/lidar_robot_simulationConfig-version.cmake
[0.948s] -- Installing: /home/por/ros2_ws/install/lidar_robot_simulation/share/lidar_robot_simulation/package.xml
[0.949s] Invoked command in '/home/por/ros2_ws/build/lidar_robot_simulation' returned '0': CMAKE_PREFIX_PATH=/opt/ros/humble /usr/bin/cmake --install /home/por/ros2_ws/build/lidar_robot_simulation
